{"D:\\Mitrais\\Presales\\Tests\\BTPN-Jenius\\RN-Contact\\Contact\\App.js": {"path":"D:\\Mitrais\\Presales\\Tests\\BTPN-Jenius\\RN-Contact\\Contact\\App.js","statementMap":{"0":{"start":{"line":1,"column":42},"end":{"line":1,"column":97}},"1":{"start":{"line":1,"column":98},"end":{"line":1,"column":160}},"2":{"start":{"line":1,"column":160},"end":{"line":1,"column":185}},"3":{"start":{"line":9,"column":13},"end":{"line":9,"column":53}},"4":{"start":{"line":10,"column":19},"end":{"line":10,"column":42}},"5":{"start":{"line":19,"column":20},"end":{"line":19,"column":66}},"6":{"start":{"line":19,"column":79},"end":{"line":19,"column":83}},"7":{"start":{"line":19,"column":99},"end":{"line":19,"column":171}},"8":{"start":{"line":27,"column":10},"end":{"line":73,"column":1}},"9":{"start":{"line":28,"column":2},"end":{"line":67,"column":159}},"10":{"start":{"line":75,"column":13},"end":{"line":110,"column":27}},"11":{"start":{"line":114,"column":0},"end":{"line":114,"column":3}},"12":{"start":{"line":114,"column":4},"end":{"line":114,"column":31}}},"fnMap":{"0":{"name":"App","decl":{"start":{"line":27,"column":19},"end":{"line":27,"column":22}},"loc":{"start":{"line":27,"column":25},"end":{"line":73,"column":1}},"line":27}},"branchMap":{"0":{"loc":{"start":{"line":36,"column":4},"end":{"line":38,"column":183}},"type":"cond-expr","locations":[{"start":{"line":36,"column":36},"end":{"line":36,"column":40}},{"start":{"line":37,"column":4},"end":{"line":38,"column":183}}],"line":36}},"s":{"0":1,"1":1,"2":1,"3":1,"4":1,"5":1,"6":1,"7":1,"8":1,"9":1,"10":1,"11":1,"12":1},"f":{"0":1},"b":{"0":[1,0]},"inputSourceMap":null,"_coverageSchema":"1a1c01bbd47fc00a2c39e90264f33305004495a9","hash":"05a6970a0cd92b6e42c147b1bd147177e54feca3"}
,"D:\\Mitrais\\Presales\\Tests\\BTPN-Jenius\\RN-Contact\\Contact\\src\\Sql\\client.js": {"path":"D:\\Mitrais\\Presales\\Tests\\BTPN-Jenius\\RN-Contact\\Contact\\src\\Sql\\client.js","statementMap":{"0":{"start":{"line":1,"column":42},"end":{"line":1,"column":97}},"1":{"start":{"line":1,"column":98},"end":{"line":1,"column":160}},"2":{"start":{"line":1,"column":160},"end":{"line":1,"column":203}},"3":{"start":{"line":1,"column":222},"end":{"line":1,"column":283}},"4":{"start":{"line":1,"column":307},"end":{"line":1,"column":358}},"5":{"start":{"line":3,"column":30},"end":{"line":8,"column":1}},"6":{"start":{"line":3,"column":81},"end":{"line":3,"column":151}},"7":{"start":{"line":4,"column":2},"end":{"line":6,"column":3}},"8":{"start":{"line":5,"column":4},"end":{"line":5,"column":34}},"9":{"start":{"line":7,"column":2},"end":{"line":7,"column":35}},"10":{"start":{"line":10,"column":26},"end":{"line":12,"column":1}},"11":{"start":{"line":11,"column":2},"end":{"line":11,"column":42}},"12":{"start":{"line":14,"column":14},"end":{"line":18,"column":1}},"13":{"start":{"line":14,"column":55},"end":{"line":14,"column":125}},"14":{"start":{"line":14,"column":140},"end":{"line":14,"column":210}},"15":{"start":{"line":15,"column":2},"end":{"line":15,"column":26}},"16":{"start":{"line":15,"column":39},"end":{"line":15,"column":114}},"17":{"start":{"line":17,"column":2},"end":{"line":17,"column":42}},"18":{"start":{"line":18,"column":2},"end":{"line":18,"column":28}},"19":{"start":{"line":20,"column":214},"end":{"line":49,"column":123}},"20":{"start":{"line":20,"column":282},"end":{"line":49,"column":88}},"21":{"start":{"line":20,"column":293},"end":{"line":49,"column":87}},"22":{"start":{"line":20,"column":340},"end":{"line":31,"column":528}},"23":{"start":{"line":31,"column":528},"end":{"line":31,"column":546}},"24":{"start":{"line":34,"column":10},"end":{"line":34,"column":59}},"25":{"start":{"line":34,"column":59},"end":{"line":34,"column":77}},"26":{"start":{"line":34,"column":77},"end":{"line":39,"column":44}},"27":{"start":{"line":39,"column":51},"end":{"line":39,"column":76}},"28":{"start":{"line":39,"column":76},"end":{"line":39,"column":94}},"29":{"start":{"line":39,"column":94},"end":{"line":41,"column":27}},"30":{"start":{"line":41,"column":34},"end":{"line":41,"column":55}},"31":{"start":{"line":41,"column":55},"end":{"line":41,"column":74}},"32":{"start":{"line":41,"column":74},"end":{"line":42,"column":27}},"33":{"start":{"line":42,"column":35},"end":{"line":42,"column":62}},"34":{"start":{"line":42,"column":62},"end":{"line":44,"column":58}},"35":{"start":{"line":44,"column":32},"end":{"line":44,"column":51}},"36":{"start":{"line":44,"column":51},"end":{"line":44,"column":57}},"37":{"start":{"line":44,"column":58},"end":{"line":45,"column":37}},"38":{"start":{"line":45,"column":45},"end":{"line":47,"column":41}},"39":{"start":{"line":47,"column":49},"end":{"line":47,"column":68}},"40":{"start":{"line":47,"column":68},"end":{"line":47,"column":103}},"41":{"start":{"line":47,"column":103},"end":{"line":49,"column":44}},"42":{"start":{"line":49,"column":63},"end":{"line":49,"column":86}},"43":{"start":{"line":53,"column":12},"end":{"line":53,"column":19}},"44":{"start":{"line":55,"column":16},"end":{"line":56,"column":16}},"45":{"start":{"line":59,"column":0},"end":{"line":59,"column":9}},"46":{"start":{"line":59,"column":10},"end":{"line":59,"column":37}}},"fnMap":{"0":{"name":"handleSuccessfulRequest","decl":{"start":{"line":3,"column":39},"end":{"line":3,"column":62}},"loc":{"start":{"line":3,"column":65},"end":{"line":8,"column":1}},"line":3},"1":{"name":"handleFailedRequest","decl":{"start":{"line":10,"column":35},"end":{"line":10,"column":54}},"loc":{"start":{"line":10,"column":65},"end":{"line":12,"column":1}},"line":10},"2":{"name":"request","decl":{"start":{"line":14,"column":23},"end":{"line":14,"column":30}},"loc":{"start":{"line":14,"column":33},"end":{"line":18,"column":1}},"line":14},"3":{"name":"asyncRequest","decl":{"start":{"line":20,"column":9},"end":{"line":20,"column":21}},"loc":{"start":{"line":20,"column":42},"end":{"line":49,"column":124}},"line":20},"4":{"name":"asyncRequest$","decl":{"start":{"line":20,"column":257},"end":{"line":20,"column":270}},"loc":{"start":{"line":20,"column":281},"end":{"line":49,"column":89}},"line":20}},"branchMap":{"0":{"loc":{"start":{"line":3,"column":81},"end":{"line":3,"column":151}},"type":"cond-expr","locations":[{"start":{"line":3,"column":134},"end":{"line":3,"column":146}},{"start":{"line":3,"column":149},"end":{"line":3,"column":151}}],"line":3},"1":{"loc":{"start":{"line":3,"column":81},"end":{"line":3,"column":131}},"type":"binary-expr","locations":[{"start":{"line":3,"column":81},"end":{"line":3,"column":101}},{"start":{"line":3,"column":105},"end":{"line":3,"column":131}}],"line":3},"2":{"loc":{"start":{"line":4,"column":2},"end":{"line":6,"column":3}},"type":"if","locations":[{"start":{"line":4,"column":2},"end":{"line":6,"column":3}},{"start":{"line":4,"column":2},"end":{"line":6,"column":3}}],"line":4},"3":{"loc":{"start":{"line":14,"column":55},"end":{"line":14,"column":125}},"type":"cond-expr","locations":[{"start":{"line":14,"column":108},"end":{"line":14,"column":120}},{"start":{"line":14,"column":123},"end":{"line":14,"column":125}}],"line":14},"4":{"loc":{"start":{"line":14,"column":55},"end":{"line":14,"column":105}},"type":"binary-expr","locations":[{"start":{"line":14,"column":55},"end":{"line":14,"column":75}},{"start":{"line":14,"column":79},"end":{"line":14,"column":105}}],"line":14},"5":{"loc":{"start":{"line":14,"column":140},"end":{"line":14,"column":210}},"type":"cond-expr","locations":[{"start":{"line":14,"column":193},"end":{"line":14,"column":205}},{"start":{"line":14,"column":208},"end":{"line":14,"column":210}}],"line":14},"6":{"loc":{"start":{"line":14,"column":140},"end":{"line":14,"column":190}},"type":"binary-expr","locations":[{"start":{"line":14,"column":140},"end":{"line":14,"column":160}},{"start":{"line":14,"column":164},"end":{"line":14,"column":190}}],"line":14},"7":{"loc":{"start":{"line":15,"column":39},"end":{"line":15,"column":114}},"type":"cond-expr","locations":[{"start":{"line":15,"column":74},"end":{"line":15,"column":90}},{"start":{"line":15,"column":93},"end":{"line":15,"column":114}}],"line":15},"8":{"loc":{"start":{"line":20,"column":293},"end":{"line":49,"column":87}},"type":"switch","locations":[{"start":{"line":20,"column":333},"end":{"line":39,"column":44}},{"start":{"line":39,"column":44},"end":{"line":41,"column":27}},{"start":{"line":41,"column":27},"end":{"line":42,"column":27}},{"start":{"line":42,"column":27},"end":{"line":45,"column":37}},{"start":{"line":45,"column":37},"end":{"line":47,"column":41}},{"start":{"line":47,"column":41},"end":{"line":49,"column":44}},{"start":{"line":49,"column":44},"end":{"line":49,"column":52}},{"start":{"line":49,"column":52},"end":{"line":49,"column":86}}],"line":20},"9":{"loc":{"start":{"line":31,"column":35},"end":{"line":31,"column":86}},"type":"cond-expr","locations":[{"start":{"line":31,"column":64},"end":{"line":31,"column":68}},{"start":{"line":31,"column":71},"end":{"line":31,"column":86}}],"line":31},"10":{"loc":{"start":{"line":31,"column":125},"end":{"line":31,"column":174}},"type":"cond-expr","locations":[{"start":{"line":31,"column":152},"end":{"line":31,"column":158}},{"start":{"line":31,"column":161},"end":{"line":31,"column":174}}],"line":31},"11":{"loc":{"start":{"line":31,"column":222},"end":{"line":31,"column":374}},"type":"cond-expr","locations":[{"start":{"line":31,"column":252},"end":{"line":31,"column":355}},{"start":{"line":31,"column":358},"end":{"line":31,"column":374}}],"line":31},"12":{"loc":{"start":{"line":31,"column":466},"end":{"line":31,"column":527}},"type":"cond-expr","locations":[{"start":{"line":31,"column":501},"end":{"line":31,"column":503}},{"start":{"line":31,"column":506},"end":{"line":31,"column":527}}],"line":31},"13":{"loc":{"start":{"line":42,"column":62},"end":{"line":44,"column":58}},"type":"if","locations":[{"start":{"line":42,"column":62},"end":{"line":44,"column":58}},{"start":{"line":42,"column":62},"end":{"line":44,"column":58}}],"line":42}},"s":{"0":3,"1":3,"2":3,"3":3,"4":3,"5":3,"6":0,"7":0,"8":0,"9":0,"10":3,"11":0,"12":3,"13":0,"14":0,"15":0,"16":0,"17":0,"18":3,"19":0,"20":0,"21":0,"22":0,"23":0,"24":0,"25":0,"26":0,"27":0,"28":0,"29":0,"30":0,"31":0,"32":0,"33":0,"34":0,"35":0,"36":0,"37":0,"38":0,"39":0,"40":0,"41":0,"42":0,"43":3,"44":3,"45":3,"46":3},"f":{"0":0,"1":0,"2":0,"3":0,"4":0},"b":{"0":[0,0],"1":[0,0],"2":[0,0],"3":[0,0],"4":[0,0],"5":[0,0],"6":[0,0],"7":[0,0],"8":[0,0,0,0,0,0,0,0],"9":[0,0],"10":[0,0],"11":[0,0],"12":[0,0],"13":[0,0]},"inputSourceMap":null,"_coverageSchema":"1a1c01bbd47fc00a2c39e90264f33305004495a9","hash":"558bb64ce8a54e0e04558e99f1a2a99d320e24b0"}
,"D:\\Mitrais\\Presales\\Tests\\BTPN-Jenius\\RN-Contact\\Contact\\src\\components\\Button.js": {"path":"D:\\Mitrais\\Presales\\Tests\\BTPN-Jenius\\RN-Contact\\Contact\\src\\components\\Button.js","statementMap":{"0":{"start":{"line":1,"column":42},"end":{"line":1,"column":97}},"1":{"start":{"line":1,"column":98},"end":{"line":1,"column":160}},"2":{"start":{"line":1,"column":160},"end":{"line":1,"column":185}},"3":{"start":{"line":1,"column":208},"end":{"line":1,"column":280}},"4":{"start":{"line":1,"column":294},"end":{"line":1,"column":334}},"5":{"start":{"line":2,"column":19},"end":{"line":2,"column":42}},"6":{"start":{"line":5,"column":17},"end":{"line":5,"column":62}},"7":{"start":{"line":6,"column":14},"end":{"line":6,"column":64}},"8":{"start":{"line":6,"column":77},"end":{"line":6,"column":81}},"9":{"start":{"line":6,"column":97},"end":{"line":6,"column":189}},"10":{"start":{"line":6,"column":243},"end":{"line":6,"column":262}},"11":{"start":{"line":6,"column":263},"end":{"line":6,"column":508}},"12":{"start":{"line":6,"column":312},"end":{"line":6,"column":348}},"13":{"start":{"line":6,"column":349},"end":{"line":6,"column":476}},"14":{"start":{"line":6,"column":369},"end":{"line":6,"column":476}},"15":{"start":{"line":6,"column":410},"end":{"line":6,"column":473}},"16":{"start":{"line":6,"column":476},"end":{"line":6,"column":507}},"17":{"start":{"line":6,"column":508},"end":{"line":6,"column":520}},"18":{"start":{"line":6,"column":553},"end":{"line":6,"column":1038}},"19":{"start":{"line":6,"column":566},"end":{"line":6,"column":567}},"20":{"start":{"line":6,"column":610},"end":{"line":6,"column":650}},"21":{"start":{"line":6,"column":651},"end":{"line":6,"column":1037}},"22":{"start":{"line":6,"column":663},"end":{"line":6,"column":776}},"23":{"start":{"line":6,"column":717},"end":{"line":6,"column":773}},"24":{"start":{"line":6,"column":783},"end":{"line":6,"column":1037}},"25":{"start":{"line":6,"column":822},"end":{"line":6,"column":896}},"26":{"start":{"line":6,"column":904},"end":{"line":6,"column":1036}},"27":{"start":{"line":6,"column":952},"end":{"line":6,"column":1033}},"28":{"start":{"line":6,"column":1038},"end":{"line":6,"column":1052}},"29":{"start":{"line":8,"column":13},"end":{"line":26,"column":1}},"30":{"start":{"line":9,"column":13},"end":{"line":9,"column":27}},"31":{"start":{"line":9,"column":42},"end":{"line":9,"column":52}},"32":{"start":{"line":9,"column":60},"end":{"line":9,"column":106}},"33":{"start":{"line":9,"column":115},"end":{"line":9,"column":126}},"34":{"start":{"line":11,"column":2},"end":{"line":23,"column":269}},"35":{"start":{"line":28,"column":0},"end":{"line":28,"column":37}},"36":{"start":{"line":28,"column":47},"end":{"line":28,"column":69}},"37":{"start":{"line":30,"column":13},"end":{"line":40,"column":24}},"38":{"start":{"line":44,"column":0},"end":{"line":49,"column":37}},"39":{"start":{"line":52,"column":0},"end":{"line":52,"column":6}},"40":{"start":{"line":52,"column":7},"end":{"line":52,"column":34}}},"fnMap":{"0":{"name":"ownKeys","decl":{"start":{"line":6,"column":199},"end":{"line":6,"column":206}},"loc":{"start":{"line":6,"column":231},"end":{"line":6,"column":521}},"line":6},"1":{"name":"(anonymous_1)","decl":{"start":{"line":6,"column":394},"end":{"line":6,"column":395}},"loc":{"start":{"line":6,"column":409},"end":{"line":6,"column":474}},"line":6},"2":{"name":"_objectSpread","decl":{"start":{"line":6,"column":530},"end":{"line":6,"column":543}},"loc":{"start":{"line":6,"column":552},"end":{"line":6,"column":1053}},"line":6},"3":{"name":"(anonymous_3)","decl":{"start":{"line":6,"column":701},"end":{"line":6,"column":702}},"loc":{"start":{"line":6,"column":716},"end":{"line":6,"column":774}},"line":6},"4":{"name":"(anonymous_4)","decl":{"start":{"line":6,"column":936},"end":{"line":6,"column":937}},"loc":{"start":{"line":6,"column":951},"end":{"line":6,"column":1034}},"line":6},"5":{"name":"Button","decl":{"start":{"line":8,"column":22},"end":{"line":8,"column":28}},"loc":{"start":{"line":8,"column":36},"end":{"line":26,"column":1}},"line":8}},"branchMap":{"0":{"loc":{"start":{"line":6,"column":263},"end":{"line":6,"column":508}},"type":"if","locations":[{"start":{"line":6,"column":263},"end":{"line":6,"column":508}},{"start":{"line":6,"column":263},"end":{"line":6,"column":508}}],"line":6},"1":{"loc":{"start":{"line":6,"column":349},"end":{"line":6,"column":476}},"type":"if","locations":[{"start":{"line":6,"column":349},"end":{"line":6,"column":476}},{"start":{"line":6,"column":349},"end":{"line":6,"column":476}}],"line":6},"2":{"loc":{"start":{"line":6,"column":610},"end":{"line":6,"column":650}},"type":"cond-expr","locations":[{"start":{"line":6,"column":633},"end":{"line":6,"column":645}},{"start":{"line":6,"column":648},"end":{"line":6,"column":650}}],"line":6},"3":{"loc":{"start":{"line":6,"column":651},"end":{"line":6,"column":1037}},"type":"if","locations":[{"start":{"line":6,"column":651},"end":{"line":6,"column":1037}},{"start":{"line":6,"column":651},"end":{"line":6,"column":1037}}],"line":6},"4":{"loc":{"start":{"line":6,"column":783},"end":{"line":6,"column":1037}},"type":"if","locations":[{"start":{"line":6,"column":783},"end":{"line":6,"column":1037}},{"start":{"line":6,"column":783},"end":{"line":6,"column":1037}}],"line":6},"5":{"loc":{"start":{"line":9,"column":60},"end":{"line":9,"column":106}},"type":"cond-expr","locations":[{"start":{"line":9,"column":85},"end":{"line":9,"column":92}},{"start":{"line":9,"column":95},"end":{"line":9,"column":106}}],"line":9},"6":{"loc":{"start":{"line":18,"column":25},"end":{"line":20,"column":42}},"type":"cond-expr","locations":[{"start":{"line":18,"column":44},"end":{"line":20,"column":37}},{"start":{"line":20,"column":40},"end":{"line":20,"column":42}}],"line":18},"7":{"loc":{"start":{"line":18,"column":44},"end":{"line":20,"column":37}},"type":"cond-expr","locations":[{"start":{"line":19,"column":8},"end":{"line":19,"column":50}},{"start":{"line":20,"column":8},"end":{"line":20,"column":37}}],"line":18},"8":{"loc":{"start":{"line":23,"column":126},"end":{"line":23,"column":158}},"type":"binary-expr","locations":[{"start":{"line":23,"column":126},"end":{"line":23,"column":131}},{"start":{"line":23,"column":135},"end":{"line":23,"column":158}}],"line":23}},"s":{"0":4,"1":4,"2":4,"3":4,"4":4,"5":4,"6":4,"7":4,"8":4,"9":4,"10":13,"11":13,"12":13,"13":13,"14":13,"15":0,"16":13,"17":13,"18":13,"19":13,"20":19,"21":19,"22":13,"23":16,"24":6,"25":6,"26":0,"27":0,"28":13,"29":4,"30":1,"31":1,"32":1,"33":1,"34":1,"35":4,"36":4,"37":4,"38":4,"39":4,"40":4},"f":{"0":13,"1":0,"2":13,"3":16,"4":0,"5":1},"b":{"0":[13,0],"1":[13,0],"2":[18,1],"3":[13,6],"4":[6,0],"5":[1,0],"6":[1,0],"7":[0,1],"8":[1,1]},"inputSourceMap":null,"_coverageSchema":"1a1c01bbd47fc00a2c39e90264f33305004495a9","hash":"162ff533b01337baee3b462e9551854758e17894"}
,"D:\\Mitrais\\Presales\\Tests\\BTPN-Jenius\\RN-Contact\\Contact\\src\\components\\ButtonWithIcon.js": {"path":"D:\\Mitrais\\Presales\\Tests\\BTPN-Jenius\\RN-Contact\\Contact\\src\\components\\ButtonWithIcon.js","statementMap":{"0":{"start":{"line":1,"column":42},"end":{"line":1,"column":97}},"1":{"start":{"line":1,"column":98},"end":{"line":1,"column":160}},"2":{"start":{"line":1,"column":160},"end":{"line":1,"column":185}},"3":{"start":{"line":1,"column":208},"end":{"line":1,"column":280}},"4":{"start":{"line":1,"column":294},"end":{"line":1,"column":334}},"5":{"start":{"line":2,"column":19},"end":{"line":2,"column":42}},"6":{"start":{"line":5,"column":17},"end":{"line":5,"column":62}},"7":{"start":{"line":6,"column":16},"end":{"line":6,"column":85}},"8":{"start":{"line":7,"column":14},"end":{"line":7,"column":64}},"9":{"start":{"line":7,"column":77},"end":{"line":7,"column":81}},"10":{"start":{"line":7,"column":97},"end":{"line":7,"column":197}},"11":{"start":{"line":7,"column":251},"end":{"line":7,"column":270}},"12":{"start":{"line":7,"column":271},"end":{"line":7,"column":516}},"13":{"start":{"line":7,"column":320},"end":{"line":7,"column":356}},"14":{"start":{"line":7,"column":357},"end":{"line":7,"column":484}},"15":{"start":{"line":7,"column":377},"end":{"line":7,"column":484}},"16":{"start":{"line":7,"column":418},"end":{"line":7,"column":481}},"17":{"start":{"line":7,"column":484},"end":{"line":7,"column":515}},"18":{"start":{"line":7,"column":516},"end":{"line":7,"column":528}},"19":{"start":{"line":7,"column":561},"end":{"line":7,"column":1046}},"20":{"start":{"line":7,"column":574},"end":{"line":7,"column":575}},"21":{"start":{"line":7,"column":618},"end":{"line":7,"column":658}},"22":{"start":{"line":7,"column":659},"end":{"line":7,"column":1045}},"23":{"start":{"line":7,"column":671},"end":{"line":7,"column":784}},"24":{"start":{"line":7,"column":725},"end":{"line":7,"column":781}},"25":{"start":{"line":7,"column":791},"end":{"line":7,"column":1045}},"26":{"start":{"line":7,"column":830},"end":{"line":7,"column":904}},"27":{"start":{"line":7,"column":912},"end":{"line":7,"column":1044}},"28":{"start":{"line":7,"column":960},"end":{"line":7,"column":1041}},"29":{"start":{"line":7,"column":1046},"end":{"line":7,"column":1060}},"30":{"start":{"line":9,"column":21},"end":{"line":33,"column":1}},"31":{"start":{"line":10,"column":13},"end":{"line":10,"column":27}},"32":{"start":{"line":10,"column":39},"end":{"line":10,"column":53}},"33":{"start":{"line":10,"column":72},"end":{"line":10,"column":86}},"34":{"start":{"line":10,"column":98},"end":{"line":10,"column":147}},"35":{"start":{"line":10,"column":161},"end":{"line":10,"column":177}},"36":{"start":{"line":11,"column":2},"end":{"line":29,"column":183}},"37":{"start":{"line":35,"column":0},"end":{"line":35,"column":37}},"38":{"start":{"line":35,"column":47},"end":{"line":35,"column":69}},"39":{"start":{"line":37,"column":13},"end":{"line":50,"column":29}},"40":{"start":{"line":54,"column":0},"end":{"line":60,"column":42}},"41":{"start":{"line":63,"column":0},"end":{"line":63,"column":14}},"42":{"start":{"line":63,"column":15},"end":{"line":63,"column":42}}},"fnMap":{"0":{"name":"ownKeys","decl":{"start":{"line":7,"column":207},"end":{"line":7,"column":214}},"loc":{"start":{"line":7,"column":239},"end":{"line":7,"column":529}},"line":7},"1":{"name":"(anonymous_1)","decl":{"start":{"line":7,"column":402},"end":{"line":7,"column":403}},"loc":{"start":{"line":7,"column":417},"end":{"line":7,"column":482}},"line":7},"2":{"name":"_objectSpread","decl":{"start":{"line":7,"column":538},"end":{"line":7,"column":551}},"loc":{"start":{"line":7,"column":560},"end":{"line":7,"column":1061}},"line":7},"3":{"name":"(anonymous_3)","decl":{"start":{"line":7,"column":709},"end":{"line":7,"column":710}},"loc":{"start":{"line":7,"column":724},"end":{"line":7,"column":782}},"line":7},"4":{"name":"(anonymous_4)","decl":{"start":{"line":7,"column":944},"end":{"line":7,"column":945}},"loc":{"start":{"line":7,"column":959},"end":{"line":7,"column":1042}},"line":7},"5":{"name":"ButtonWithIcon","decl":{"start":{"line":9,"column":30},"end":{"line":9,"column":44}},"loc":{"start":{"line":9,"column":52},"end":{"line":33,"column":1}},"line":9}},"branchMap":{"0":{"loc":{"start":{"line":7,"column":271},"end":{"line":7,"column":516}},"type":"if","locations":[{"start":{"line":7,"column":271},"end":{"line":7,"column":516}},{"start":{"line":7,"column":271},"end":{"line":7,"column":516}}],"line":7},"1":{"loc":{"start":{"line":7,"column":357},"end":{"line":7,"column":484}},"type":"if","locations":[{"start":{"line":7,"column":357},"end":{"line":7,"column":484}},{"start":{"line":7,"column":357},"end":{"line":7,"column":484}}],"line":7},"2":{"loc":{"start":{"line":7,"column":618},"end":{"line":7,"column":658}},"type":"cond-expr","locations":[{"start":{"line":7,"column":641},"end":{"line":7,"column":653}},{"start":{"line":7,"column":656},"end":{"line":7,"column":658}}],"line":7},"3":{"loc":{"start":{"line":7,"column":659},"end":{"line":7,"column":1045}},"type":"if","locations":[{"start":{"line":7,"column":659},"end":{"line":7,"column":1045}},{"start":{"line":7,"column":659},"end":{"line":7,"column":1045}}],"line":7},"4":{"loc":{"start":{"line":7,"column":791},"end":{"line":7,"column":1045}},"type":"if","locations":[{"start":{"line":7,"column":791},"end":{"line":7,"column":1045}},{"start":{"line":7,"column":791},"end":{"line":7,"column":1045}}],"line":7},"5":{"loc":{"start":{"line":10,"column":98},"end":{"line":10,"column":147}},"type":"cond-expr","locations":[{"start":{"line":10,"column":127},"end":{"line":10,"column":129}},{"start":{"line":10,"column":132},"end":{"line":10,"column":147}}],"line":10},"6":{"loc":{"start":{"line":18,"column":25},"end":{"line":20,"column":37}},"type":"cond-expr","locations":[{"start":{"line":19,"column":8},"end":{"line":19,"column":50}},{"start":{"line":20,"column":8},"end":{"line":20,"column":37}}],"line":18}},"s":{"0":3,"1":3,"2":3,"3":3,"4":3,"5":3,"6":3,"7":3,"8":3,"9":3,"10":3,"11":9,"12":9,"13":9,"14":9,"15":9,"16":0,"17":9,"18":9,"19":9,"20":9,"21":13,"22":13,"23":9,"24":11,"25":4,"26":4,"27":0,"28":0,"29":9,"30":3,"31":1,"32":1,"33":1,"34":1,"35":1,"36":1,"37":3,"38":3,"39":3,"40":3,"41":3,"42":3},"f":{"0":9,"1":0,"2":9,"3":11,"4":0,"5":1},"b":{"0":[9,0],"1":[9,0],"2":[12,1],"3":[9,4],"4":[4,0],"5":[1,0],"6":[0,1]},"inputSourceMap":null,"_coverageSchema":"1a1c01bbd47fc00a2c39e90264f33305004495a9","hash":"2dc3c5fd30cc33e70810e832f4f398f3189052fe"}
,"D:\\Mitrais\\Presales\\Tests\\BTPN-Jenius\\RN-Contact\\Contact\\src\\components\\FlashMessage.js": {"path":"D:\\Mitrais\\Presales\\Tests\\BTPN-Jenius\\RN-Contact\\Contact\\src\\components\\FlashMessage.js","statementMap":{"0":{"start":{"line":1,"column":42},"end":{"line":1,"column":97}},"1":{"start":{"line":1,"column":128},"end":{"line":1,"column":184}},"2":{"start":{"line":1,"column":185},"end":{"line":1,"column":247}},"3":{"start":{"line":1,"column":247},"end":{"line":1,"column":272}},"4":{"start":{"line":1,"column":294},"end":{"line":1,"column":365}},"5":{"start":{"line":1,"column":379},"end":{"line":1,"column":420}},"6":{"start":{"line":2,"column":17},"end":{"line":2,"column":62}},"7":{"start":{"line":3,"column":19},"end":{"line":3,"column":42}},"8":{"start":{"line":4,"column":14},"end":{"line":4,"column":64}},"9":{"start":{"line":4,"column":77},"end":{"line":4,"column":81}},"10":{"start":{"line":4,"column":97},"end":{"line":4,"column":195}},"11":{"start":{"line":6,"column":19},"end":{"line":32,"column":1}},"12":{"start":{"line":7,"column":9},"end":{"line":7,"column":19}},"13":{"start":{"line":7,"column":32},"end":{"line":7,"column":47}},"14":{"start":{"line":8,"column":2},"end":{"line":8,"column":29}},"15":{"start":{"line":8,"column":43},"end":{"line":8,"column":85}},"16":{"start":{"line":8,"column":93},"end":{"line":8,"column":106}},"17":{"start":{"line":8,"column":117},"end":{"line":8,"column":130}},"18":{"start":{"line":10,"column":2},"end":{"line":12,"column":9}},"19":{"start":{"line":11,"column":4},"end":{"line":11,"column":18}},"20":{"start":{"line":14,"column":2},"end":{"line":20,"column":13}},"21":{"start":{"line":15,"column":16},"end":{"line":15,"column":75}},"22":{"start":{"line":15,"column":40},"end":{"line":15,"column":67}},"23":{"start":{"line":17,"column":4},"end":{"line":19,"column":6}},"24":{"start":{"line":18,"column":6},"end":{"line":18,"column":26}},"25":{"start":{"line":22,"column":26},"end":{"line":25,"column":3}},"26":{"start":{"line":23,"column":4},"end":{"line":23,"column":19}},"27":{"start":{"line":24,"column":4},"end":{"line":24,"column":16}},"28":{"start":{"line":27,"column":2},"end":{"line":29,"column":177}},"29":{"start":{"line":34,"column":13},"end":{"line":43,"column":15}},"30":{"start":{"line":47,"column":0},"end":{"line":49,"column":39}},"31":{"start":{"line":52,"column":0},"end":{"line":52,"column":12}},"32":{"start":{"line":52,"column":13},"end":{"line":52,"column":40}}},"fnMap":{"0":{"name":"FlashMessage","decl":{"start":{"line":6,"column":28},"end":{"line":6,"column":40}},"loc":{"start":{"line":6,"column":48},"end":{"line":32,"column":1}},"line":6},"1":{"name":"(anonymous_1)","decl":{"start":{"line":10,"column":24},"end":{"line":10,"column":25}},"loc":{"start":{"line":10,"column":36},"end":{"line":12,"column":3}},"line":10},"2":{"name":"(anonymous_2)","decl":{"start":{"line":14,"column":24},"end":{"line":14,"column":25}},"loc":{"start":{"line":14,"column":36},"end":{"line":20,"column":3}},"line":14},"3":{"name":"(anonymous_3)","decl":{"start":{"line":15,"column":27},"end":{"line":15,"column":28}},"loc":{"start":{"line":15,"column":39},"end":{"line":15,"column":68}},"line":15},"4":{"name":"(anonymous_4)","decl":{"start":{"line":17,"column":11},"end":{"line":17,"column":12}},"loc":{"start":{"line":17,"column":23},"end":{"line":19,"column":5}},"line":17},"5":{"name":"closeFlashMessage","decl":{"start":{"line":22,"column":35},"end":{"line":22,"column":52}},"loc":{"start":{"line":22,"column":55},"end":{"line":25,"column":3}},"line":22}},"branchMap":{},"s":{"0":3,"1":3,"2":3,"3":3,"4":3,"5":3,"6":3,"7":3,"8":3,"9":3,"10":3,"11":3,"12":1,"13":1,"14":1,"15":1,"16":1,"17":1,"18":1,"19":0,"20":1,"21":0,"22":0,"23":0,"24":0,"25":1,"26":0,"27":0,"28":1,"29":3,"30":3,"31":3,"32":3},"f":{"0":1,"1":0,"2":0,"3":0,"4":0,"5":0},"b":{},"inputSourceMap":null,"_coverageSchema":"1a1c01bbd47fc00a2c39e90264f33305004495a9","hash":"64216a083516a05196ae1533b3fc84eda7e65059"}
,"D:\\Mitrais\\Presales\\Tests\\BTPN-Jenius\\RN-Contact\\Contact\\src\\screens\\contact\\AddContactScreen.js": {"path":"D:\\Mitrais\\Presales\\Tests\\BTPN-Jenius\\RN-Contact\\Contact\\src\\screens\\contact\\AddContactScreen.js","statementMap":{"0":{"start":{"line":1,"column":42},"end":{"line":1,"column":97}},"1":{"start":{"line":1,"column":98},"end":{"line":1,"column":160}},"2":{"start":{"line":1,"column":160},"end":{"line":1,"column":185}},"3":{"start":{"line":1,"column":208},"end":{"line":1,"column":280}},"4":{"start":{"line":1,"column":301},"end":{"line":1,"column":370}},"5":{"start":{"line":1,"column":388},"end":{"line":1,"column":454}},"6":{"start":{"line":1,"column":489},"end":{"line":1,"column":572}},"7":{"start":{"line":1,"column":596},"end":{"line":1,"column":668}},"8":{"start":{"line":1,"column":682},"end":{"line":1,"column":722}},"9":{"start":{"line":2,"column":19},"end":{"line":2,"column":42}},"10":{"start":{"line":4,"column":25},"end":{"line":4,"column":79}},"11":{"start":{"line":5,"column":20},"end":{"line":5,"column":84}},"12":{"start":{"line":6,"column":22},"end":{"line":6,"column":73}},"13":{"start":{"line":7,"column":14},"end":{"line":7,"column":67}},"14":{"start":{"line":7,"column":87},"end":{"line":7,"column":195}},"15":{"start":{"line":7,"column":260},"end":{"line":7,"column":287}},"16":{"start":{"line":7,"column":288},"end":{"line":7,"column":649}},"17":{"start":{"line":7,"column":340},"end":{"line":7,"column":378}},"18":{"start":{"line":7,"column":386},"end":{"line":7,"column":585}},"19":{"start":{"line":7,"column":434},"end":{"line":7,"column":481}},"20":{"start":{"line":7,"column":482},"end":{"line":7,"column":538}},"21":{"start":{"line":7,"column":546},"end":{"line":7,"column":584}},"22":{"start":{"line":7,"column":585},"end":{"line":7,"column":647}},"23":{"start":{"line":7,"column":688},"end":{"line":7,"column":759}},"24":{"start":{"line":7,"column":746},"end":{"line":7,"column":759}},"25":{"start":{"line":7,"column":759},"end":{"line":7,"column":800}},"26":{"start":{"line":7,"column":787},"end":{"line":7,"column":800}},"27":{"start":{"line":7,"column":800},"end":{"line":7,"column":845}},"28":{"start":{"line":7,"column":833},"end":{"line":7,"column":845}},"29":{"start":{"line":7,"column":845},"end":{"line":7,"column":963}},"30":{"start":{"line":7,"column":850},"end":{"line":7,"column":924}},"31":{"start":{"line":7,"column":924},"end":{"line":7,"column":936}},"32":{"start":{"line":7,"column":949},"end":{"line":7,"column":962}},"33":{"start":{"line":9,"column":19},"end":{"line":63,"column":61}},"34":{"start":{"line":9,"column":48},"end":{"line":9,"column":108}},"35":{"start":{"line":9,"column":121},"end":{"line":9,"column":151}},"36":{"start":{"line":10,"column":46},"end":{"line":10,"column":100}},"37":{"start":{"line":11,"column":4},"end":{"line":11,"column":37}},"38":{"start":{"line":11,"column":37},"end":{"line":41,"column":6}},"39":{"start":{"line":20,"column":23},"end":{"line":20,"column":69}},"40":{"start":{"line":22,"column":25},"end":{"line":22,"column":92}},"41":{"start":{"line":22,"column":50},"end":{"line":22,"column":91}},"42":{"start":{"line":24,"column":26},"end":{"line":26,"column":7}},"43":{"start":{"line":25,"column":8},"end":{"line":25,"column":61}},"44":{"start":{"line":28,"column":23},"end":{"line":34,"column":7}},"45":{"start":{"line":29,"column":8},"end":{"line":31,"column":28}},"46":{"start":{"line":33,"column":8},"end":{"line":33,"column":25}},"47":{"start":{"line":36,"column":6},"end":{"line":36,"column":21}},"48":{"start":{"line":37,"column":6},"end":{"line":37,"column":67}},"49":{"start":{"line":40,"column":6},"end":{"line":40,"column":24}},"50":{"start":{"line":41,"column":6},"end":{"line":43,"column":77}},"51":{"start":{"line":43,"column":36},"end":{"line":43,"column":75}},"52":{"start":{"line":43,"column":77},"end":{"line":43,"column":123}},"53":{"start":{"line":43,"column":123},"end":{"line":43,"column":136}},"54":{"start":{"line":43,"column":137},"end":{"line":63,"column":10}},"55":{"start":{"line":46,"column":14},"end":{"line":46,"column":30}},"56":{"start":{"line":48,"column":6},"end":{"line":59,"column":130}},"57":{"start":{"line":63,"column":10},"end":{"line":63,"column":34}},"58":{"start":{"line":66,"column":13},"end":{"line":70,"column":54}},"59":{"start":{"line":75,"column":0},"end":{"line":75,"column":16}},"60":{"start":{"line":75,"column":17},"end":{"line":75,"column":44}}},"fnMap":{"0":{"name":"_createSuper","decl":{"start":{"line":7,"column":205},"end":{"line":7,"column":217}},"loc":{"start":{"line":7,"column":227},"end":{"line":7,"column":650}},"line":7},"1":{"name":"_createSuperInternal","decl":{"start":{"line":7,"column":304},"end":{"line":7,"column":324}},"loc":{"start":{"line":7,"column":327},"end":{"line":7,"column":648}},"line":7},"2":{"name":"_isNativeReflectConstruct","decl":{"start":{"line":7,"column":659},"end":{"line":7,"column":684}},"loc":{"start":{"line":7,"column":687},"end":{"line":7,"column":964}},"line":7},"3":{"name":"(anonymous_3)","decl":{"start":{"line":7,"column":907},"end":{"line":7,"column":908}},"loc":{"start":{"line":7,"column":919},"end":{"line":7,"column":921}},"line":7},"4":{"name":"(anonymous_4)","decl":{"start":{"line":9,"column":19},"end":{"line":9,"column":20}},"loc":{"start":{"line":9,"column":47},"end":{"line":63,"column":35}},"line":9},"5":{"name":"AddContactScreen","decl":{"start":{"line":10,"column":11},"end":{"line":10,"column":27}},"loc":{"start":{"line":10,"column":35},"end":{"line":43,"column":137}},"line":10},"6":{"name":"(anonymous_6)","decl":{"start":{"line":19,"column":23},"end":{"line":19,"column":24}},"loc":{"start":{"line":19,"column":45},"end":{"line":41,"column":5}},"line":19},"7":{"name":"startLoading","decl":{"start":{"line":22,"column":34},"end":{"line":22,"column":46}},"loc":{"start":{"line":22,"column":49},"end":{"line":22,"column":92}},"line":22},"8":{"name":"handleSuccess","decl":{"start":{"line":24,"column":35},"end":{"line":24,"column":48}},"loc":{"start":{"line":24,"column":51},"end":{"line":26,"column":7}},"line":24},"9":{"name":"handleFail","decl":{"start":{"line":28,"column":32},"end":{"line":28,"column":42}},"loc":{"start":{"line":28,"column":48},"end":{"line":34,"column":7}},"line":28},"10":{"name":"(anonymous_10)","decl":{"start":{"line":43,"column":23},"end":{"line":43,"column":24}},"loc":{"start":{"line":43,"column":35},"end":{"line":43,"column":76}},"line":43},"11":{"name":"render","decl":{"start":{"line":43,"column":216},"end":{"line":43,"column":222}},"loc":{"start":{"line":45,"column":4},"end":{"line":63,"column":5}},"line":45}},"branchMap":{"0":{"loc":{"start":{"line":7,"column":386},"end":{"line":7,"column":585}},"type":"if","locations":[{"start":{"line":7,"column":386},"end":{"line":7,"column":585}},{"start":{"line":7,"column":386},"end":{"line":7,"column":585}}],"line":7},"1":{"loc":{"start":{"line":7,"column":688},"end":{"line":7,"column":759}},"type":"if","locations":[{"start":{"line":7,"column":688},"end":{"line":7,"column":759}},{"start":{"line":7,"column":688},"end":{"line":7,"column":759}}],"line":7},"2":{"loc":{"start":{"line":7,"column":692},"end":{"line":7,"column":744}},"type":"binary-expr","locations":[{"start":{"line":7,"column":692},"end":{"line":7,"column":722}},{"start":{"line":7,"column":726},"end":{"line":7,"column":744}}],"line":7},"3":{"loc":{"start":{"line":7,"column":759},"end":{"line":7,"column":800}},"type":"if","locations":[{"start":{"line":7,"column":759},"end":{"line":7,"column":800}},{"start":{"line":7,"column":759},"end":{"line":7,"column":800}}],"line":7},"4":{"loc":{"start":{"line":7,"column":800},"end":{"line":7,"column":845}},"type":"if","locations":[{"start":{"line":7,"column":800},"end":{"line":7,"column":845}},{"start":{"line":7,"column":800},"end":{"line":7,"column":845}}],"line":7},"5":{"loc":{"start":{"line":50,"column":8},"end":{"line":53,"column":131}},"type":"binary-expr","locations":[{"start":{"line":50,"column":8},"end":{"line":50,"column":13}},{"start":{"line":51,"column":8},"end":{"line":53,"column":131}}],"line":50}},"s":{"0":1,"1":1,"2":1,"3":1,"4":1,"5":1,"6":1,"7":1,"8":1,"9":1,"10":1,"11":1,"12":1,"13":1,"14":1,"15":1,"16":1,"17":1,"18":1,"19":1,"20":1,"21":0,"22":1,"23":1,"24":0,"25":1,"26":0,"27":1,"28":1,"29":0,"30":0,"31":0,"32":0,"33":1,"34":1,"35":1,"36":1,"37":1,"38":1,"39":0,"40":0,"41":0,"42":0,"43":0,"44":0,"45":0,"46":0,"47":0,"48":0,"49":0,"50":1,"51":0,"52":1,"53":1,"54":1,"55":1,"56":1,"57":1,"58":1,"59":1,"60":1},"f":{"0":1,"1":1,"2":1,"3":0,"4":1,"5":1,"6":0,"7":0,"8":0,"9":0,"10":0,"11":1},"b":{"0":[1,0],"1":[0,1],"2":[1,1],"3":[0,1],"4":[1,0],"5":[1,0]},"inputSourceMap":null,"_coverageSchema":"1a1c01bbd47fc00a2c39e90264f33305004495a9","hash":"229c8dd190fdced6ef83b438f33fe42145e756c1"}
,"D:\\Mitrais\\Presales\\Tests\\BTPN-Jenius\\RN-Contact\\Contact\\src\\screens\\contact\\ContactDetailForm.js": {"path":"D:\\Mitrais\\Presales\\Tests\\BTPN-Jenius\\RN-Contact\\Contact\\src\\screens\\contact\\ContactDetailForm.js","statementMap":{"0":{"start":{"line":1,"column":42},"end":{"line":1,"column":97}},"1":{"start":{"line":1,"column":98},"end":{"line":1,"column":160}},"2":{"start":{"line":1,"column":160},"end":{"line":1,"column":185}},"3":{"start":{"line":1,"column":208},"end":{"line":1,"column":280}},"4":{"start":{"line":1,"column":301},"end":{"line":1,"column":370}},"5":{"start":{"line":1,"column":388},"end":{"line":1,"column":454}},"6":{"start":{"line":1,"column":489},"end":{"line":1,"column":572}},"7":{"start":{"line":1,"column":596},"end":{"line":1,"column":668}},"8":{"start":{"line":1,"column":682},"end":{"line":1,"column":722}},"9":{"start":{"line":2,"column":17},"end":{"line":2,"column":62}},"10":{"start":{"line":3,"column":19},"end":{"line":3,"column":42}},"11":{"start":{"line":4,"column":27},"end":{"line":4,"column":59}},"12":{"start":{"line":5,"column":22},"end":{"line":5,"column":88}},"13":{"start":{"line":6,"column":14},"end":{"line":6,"column":67}},"14":{"start":{"line":6,"column":87},"end":{"line":6,"column":196}},"15":{"start":{"line":6,"column":261},"end":{"line":6,"column":288}},"16":{"start":{"line":6,"column":289},"end":{"line":6,"column":650}},"17":{"start":{"line":6,"column":341},"end":{"line":6,"column":379}},"18":{"start":{"line":6,"column":387},"end":{"line":6,"column":586}},"19":{"start":{"line":6,"column":435},"end":{"line":6,"column":482}},"20":{"start":{"line":6,"column":483},"end":{"line":6,"column":539}},"21":{"start":{"line":6,"column":547},"end":{"line":6,"column":585}},"22":{"start":{"line":6,"column":586},"end":{"line":6,"column":648}},"23":{"start":{"line":6,"column":689},"end":{"line":6,"column":760}},"24":{"start":{"line":6,"column":747},"end":{"line":6,"column":760}},"25":{"start":{"line":6,"column":760},"end":{"line":6,"column":801}},"26":{"start":{"line":6,"column":788},"end":{"line":6,"column":801}},"27":{"start":{"line":6,"column":801},"end":{"line":6,"column":846}},"28":{"start":{"line":6,"column":834},"end":{"line":6,"column":846}},"29":{"start":{"line":6,"column":846},"end":{"line":6,"column":964}},"30":{"start":{"line":6,"column":851},"end":{"line":6,"column":925}},"31":{"start":{"line":6,"column":925},"end":{"line":6,"column":937}},"32":{"start":{"line":6,"column":950},"end":{"line":6,"column":963}},"33":{"start":{"line":8,"column":20},"end":{"line":92,"column":62}},"34":{"start":{"line":8,"column":49},"end":{"line":8,"column":110}},"35":{"start":{"line":8,"column":123},"end":{"line":8,"column":154}},"36":{"start":{"line":8,"column":195},"end":{"line":8,"column":250}},"37":{"start":{"line":8,"column":250},"end":{"line":8,"column":370}},"38":{"start":{"line":8,"column":266},"end":{"line":8,"column":282}},"39":{"start":{"line":8,"column":291},"end":{"line":8,"column":306}},"40":{"start":{"line":8,"column":315},"end":{"line":8,"column":316}},"41":{"start":{"line":8,"column":340},"end":{"line":8,"column":369}},"42":{"start":{"line":8,"column":370},"end":{"line":8,"column":425}},"43":{"start":{"line":8,"column":425},"end":{"line":30,"column":21}},"44":{"start":{"line":30,"column":21},"end":{"line":30,"column":34}},"45":{"start":{"line":30,"column":35},"end":{"line":92,"column":10}},"46":{"start":{"line":35,"column":18},"end":{"line":35,"column":22}},"47":{"start":{"line":36,"column":6},"end":{"line":36,"column":16}},"48":{"start":{"line":36,"column":27},"end":{"line":36,"column":46}},"49":{"start":{"line":36,"column":61},"end":{"line":36,"column":84}},"50":{"start":{"line":38,"column":6},"end":{"line":86,"column":124}},"51":{"start":{"line":41,"column":49},"end":{"line":62,"column":188}},"52":{"start":{"line":92,"column":10},"end":{"line":92,"column":35}},"53":{"start":{"line":95,"column":19},"end":{"line":95,"column":63}},"54":{"start":{"line":97,"column":13},"end":{"line":144,"column":16}},"55":{"start":{"line":148,"column":0},"end":{"line":150,"column":41}},"56":{"start":{"line":153,"column":0},"end":{"line":153,"column":17}},"57":{"start":{"line":153,"column":18},"end":{"line":153,"column":45}}},"fnMap":{"0":{"name":"_createSuper","decl":{"start":{"line":6,"column":206},"end":{"line":6,"column":218}},"loc":{"start":{"line":6,"column":228},"end":{"line":6,"column":651}},"line":6},"1":{"name":"_createSuperInternal","decl":{"start":{"line":6,"column":305},"end":{"line":6,"column":325}},"loc":{"start":{"line":6,"column":328},"end":{"line":6,"column":649}},"line":6},"2":{"name":"_isNativeReflectConstruct","decl":{"start":{"line":6,"column":660},"end":{"line":6,"column":685}},"loc":{"start":{"line":6,"column":688},"end":{"line":6,"column":965}},"line":6},"3":{"name":"(anonymous_3)","decl":{"start":{"line":6,"column":908},"end":{"line":6,"column":909}},"loc":{"start":{"line":6,"column":920},"end":{"line":6,"column":922}},"line":6},"4":{"name":"(anonymous_4)","decl":{"start":{"line":8,"column":20},"end":{"line":8,"column":21}},"loc":{"start":{"line":8,"column":48},"end":{"line":92,"column":36}},"line":8},"5":{"name":"ContactDetailForm","decl":{"start":{"line":8,"column":164},"end":{"line":8,"column":181}},"loc":{"start":{"line":8,"column":184},"end":{"line":30,"column":35}},"line":8},"6":{"name":"render","decl":{"start":{"line":30,"column":115},"end":{"line":30,"column":121}},"loc":{"start":{"line":35,"column":4},"end":{"line":92,"column":5}},"line":35},"7":{"name":"(anonymous_7)","decl":{"start":{"line":41,"column":31},"end":{"line":41,"column":32}},"loc":{"start":{"line":41,"column":48},"end":{"line":62,"column":189}},"line":41}},"branchMap":{"0":{"loc":{"start":{"line":6,"column":387},"end":{"line":6,"column":586}},"type":"if","locations":[{"start":{"line":6,"column":387},"end":{"line":6,"column":586}},{"start":{"line":6,"column":387},"end":{"line":6,"column":586}}],"line":6},"1":{"loc":{"start":{"line":6,"column":689},"end":{"line":6,"column":760}},"type":"if","locations":[{"start":{"line":6,"column":689},"end":{"line":6,"column":760}},{"start":{"line":6,"column":689},"end":{"line":6,"column":760}}],"line":6},"2":{"loc":{"start":{"line":6,"column":693},"end":{"line":6,"column":745}},"type":"binary-expr","locations":[{"start":{"line":6,"column":693},"end":{"line":6,"column":723}},{"start":{"line":6,"column":727},"end":{"line":6,"column":745}}],"line":6},"3":{"loc":{"start":{"line":6,"column":760},"end":{"line":6,"column":801}},"type":"if","locations":[{"start":{"line":6,"column":760},"end":{"line":6,"column":801}},{"start":{"line":6,"column":760},"end":{"line":6,"column":801}}],"line":6},"4":{"loc":{"start":{"line":6,"column":801},"end":{"line":6,"column":846}},"type":"if","locations":[{"start":{"line":6,"column":801},"end":{"line":6,"column":846}},{"start":{"line":6,"column":801},"end":{"line":6,"column":846}}],"line":6},"5":{"loc":{"start":{"line":43,"column":12},"end":{"line":62,"column":185}},"type":"cond-expr","locations":[{"start":{"line":44,"column":12},"end":{"line":53,"column":128}},{"start":{"line":57,"column":12},"end":{"line":62,"column":185}}],"line":43}},"s":{"0":2,"1":2,"2":2,"3":2,"4":2,"5":2,"6":2,"7":2,"8":2,"9":2,"10":2,"11":2,"12":2,"13":2,"14":2,"15":2,"16":2,"17":1,"18":1,"19":1,"20":1,"21":0,"22":1,"23":2,"24":0,"25":2,"26":0,"27":2,"28":2,"29":0,"30":0,"31":0,"32":0,"33":2,"34":2,"35":2,"36":1,"37":1,"38":1,"39":1,"40":1,"41":3,"42":1,"43":1,"44":1,"45":2,"46":1,"47":1,"48":1,"49":1,"50":1,"51":4,"52":2,"53":2,"54":2,"55":2,"56":2,"57":2},"f":{"0":2,"1":1,"2":2,"3":0,"4":2,"5":1,"6":1,"7":4},"b":{"0":[1,0],"1":[0,2],"2":[2,2],"3":[0,2],"4":[2,0],"5":[1,3]},"inputSourceMap":null,"_coverageSchema":"1a1c01bbd47fc00a2c39e90264f33305004495a9","hash":"1444a27fa48f97a53bda8498f852eee3502beb07"}
,"D:\\Mitrais\\Presales\\Tests\\BTPN-Jenius\\RN-Contact\\Contact\\src\\screens\\contact\\ContactDetailScreen.js": {"path":"D:\\Mitrais\\Presales\\Tests\\BTPN-Jenius\\RN-Contact\\Contact\\src\\screens\\contact\\ContactDetailScreen.js","statementMap":{"0":{"start":{"line":1,"column":42},"end":{"line":1,"column":97}},"1":{"start":{"line":1,"column":98},"end":{"line":1,"column":160}},"2":{"start":{"line":1,"column":160},"end":{"line":1,"column":185}},"3":{"start":{"line":1,"column":208},"end":{"line":1,"column":280}},"4":{"start":{"line":1,"column":301},"end":{"line":1,"column":370}},"5":{"start":{"line":1,"column":388},"end":{"line":1,"column":454}},"6":{"start":{"line":1,"column":489},"end":{"line":1,"column":572}},"7":{"start":{"line":1,"column":596},"end":{"line":1,"column":668}},"8":{"start":{"line":1,"column":682},"end":{"line":1,"column":722}},"9":{"start":{"line":2,"column":19},"end":{"line":2,"column":42}},"10":{"start":{"line":4,"column":25},"end":{"line":4,"column":79}},"11":{"start":{"line":5,"column":20},"end":{"line":5,"column":84}},"12":{"start":{"line":6,"column":14},"end":{"line":6,"column":72}},"13":{"start":{"line":7,"column":19},"end":{"line":7,"column":78}},"14":{"start":{"line":8,"column":22},"end":{"line":8,"column":73}},"15":{"start":{"line":9,"column":14},"end":{"line":9,"column":67}},"16":{"start":{"line":9,"column":87},"end":{"line":9,"column":198}},"17":{"start":{"line":9,"column":263},"end":{"line":9,"column":290}},"18":{"start":{"line":9,"column":291},"end":{"line":9,"column":652}},"19":{"start":{"line":9,"column":343},"end":{"line":9,"column":381}},"20":{"start":{"line":9,"column":389},"end":{"line":9,"column":588}},"21":{"start":{"line":9,"column":437},"end":{"line":9,"column":484}},"22":{"start":{"line":9,"column":485},"end":{"line":9,"column":541}},"23":{"start":{"line":9,"column":549},"end":{"line":9,"column":587}},"24":{"start":{"line":9,"column":588},"end":{"line":9,"column":650}},"25":{"start":{"line":9,"column":691},"end":{"line":9,"column":762}},"26":{"start":{"line":9,"column":749},"end":{"line":9,"column":762}},"27":{"start":{"line":9,"column":762},"end":{"line":9,"column":803}},"28":{"start":{"line":9,"column":790},"end":{"line":9,"column":803}},"29":{"start":{"line":9,"column":803},"end":{"line":9,"column":848}},"30":{"start":{"line":9,"column":836},"end":{"line":9,"column":848}},"31":{"start":{"line":9,"column":848},"end":{"line":9,"column":966}},"32":{"start":{"line":9,"column":853},"end":{"line":9,"column":927}},"33":{"start":{"line":9,"column":927},"end":{"line":9,"column":939}},"34":{"start":{"line":9,"column":952},"end":{"line":9,"column":965}},"35":{"start":{"line":11,"column":22},"end":{"line":107,"column":64}},"36":{"start":{"line":11,"column":51},"end":{"line":11,"column":114}},"37":{"start":{"line":11,"column":127},"end":{"line":11,"column":160}},"38":{"start":{"line":12,"column":50},"end":{"line":12,"column":107}},"39":{"start":{"line":13,"column":4},"end":{"line":13,"column":38}},"40":{"start":{"line":13,"column":38},"end":{"line":44,"column":162}},"41":{"start":{"line":44,"column":37},"end":{"line":44,"column":160}},"42":{"start":{"line":44,"column":124},"end":{"line":44,"column":155}},"43":{"start":{"line":44,"column":162},"end":{"line":61,"column":42}},"44":{"start":{"line":60,"column":40},"end":{"line":61,"column":40}},"45":{"start":{"line":61,"column":42},"end":{"line":81,"column":6}},"46":{"start":{"line":65,"column":16},"end":{"line":65,"column":35}},"47":{"start":{"line":66,"column":26},"end":{"line":66,"column":75}},"48":{"start":{"line":68,"column":26},"end":{"line":68,"column":107}},"49":{"start":{"line":68,"column":52},"end":{"line":68,"column":106}},"50":{"start":{"line":69,"column":23},"end":{"line":76,"column":7}},"51":{"start":{"line":70,"column":8},"end":{"line":73,"column":36}},"52":{"start":{"line":75,"column":8},"end":{"line":75,"column":25}},"53":{"start":{"line":78,"column":6},"end":{"line":78,"column":70}},"54":{"start":{"line":80,"column":6},"end":{"line":80,"column":27}},"55":{"start":{"line":81,"column":6},"end":{"line":83,"column":77}},"56":{"start":{"line":83,"column":36},"end":{"line":83,"column":75}},"57":{"start":{"line":83,"column":77},"end":{"line":83,"column":144}},"58":{"start":{"line":83,"column":144},"end":{"line":83,"column":157}},"59":{"start":{"line":83,"column":158},"end":{"line":107,"column":10}},"60":{"start":{"line":83,"column":272},"end":{"line":83,"column":297}},"61":{"start":{"line":83,"column":297},"end":{"line":83,"column":376}},"62":{"start":{"line":83,"column":457},"end":{"line":83,"column":632}},"63":{"start":{"line":83,"column":552},"end":{"line":83,"column":631}},"64":{"start":{"line":83,"column":698},"end":{"line":83,"column":739}},"65":{"start":{"line":86,"column":6},"end":{"line":86,"column":16}},"66":{"start":{"line":86,"column":27},"end":{"line":86,"column":46}},"67":{"start":{"line":86,"column":55},"end":{"line":86,"column":72}},"68":{"start":{"line":86,"column":91},"end":{"line":86,"column":118}},"69":{"start":{"line":88,"column":6},"end":{"line":103,"column":140}},"70":{"start":{"line":107,"column":10},"end":{"line":107,"column":37}},"71":{"start":{"line":107,"column":65},"end":{"line":107,"column":644}},"72":{"start":{"line":107,"column":139},"end":{"line":107,"column":154}},"73":{"start":{"line":107,"column":155},"end":{"line":107,"column":642}},"74":{"start":{"line":107,"column":201},"end":{"line":107,"column":638}},"75":{"start":{"line":110,"column":13},"end":{"line":114,"column":54}},"76":{"start":{"line":119,"column":0},"end":{"line":119,"column":19}},"77":{"start":{"line":119,"column":20},"end":{"line":119,"column":47}}},"fnMap":{"0":{"name":"_createSuper","decl":{"start":{"line":9,"column":208},"end":{"line":9,"column":220}},"loc":{"start":{"line":9,"column":230},"end":{"line":9,"column":653}},"line":9},"1":{"name":"_createSuperInternal","decl":{"start":{"line":9,"column":307},"end":{"line":9,"column":327}},"loc":{"start":{"line":9,"column":330},"end":{"line":9,"column":651}},"line":9},"2":{"name":"_isNativeReflectConstruct","decl":{"start":{"line":9,"column":662},"end":{"line":9,"column":687}},"loc":{"start":{"line":9,"column":690},"end":{"line":9,"column":967}},"line":9},"3":{"name":"(anonymous_3)","decl":{"start":{"line":9,"column":910},"end":{"line":9,"column":911}},"loc":{"start":{"line":9,"column":922},"end":{"line":9,"column":924}},"line":9},"4":{"name":"(anonymous_4)","decl":{"start":{"line":11,"column":22},"end":{"line":11,"column":23}},"loc":{"start":{"line":11,"column":50},"end":{"line":107,"column":38}},"line":11},"5":{"name":"ContactDetailScreen","decl":{"start":{"line":12,"column":11},"end":{"line":12,"column":30}},"loc":{"start":{"line":12,"column":39},"end":{"line":83,"column":158}},"line":12},"6":{"name":"(anonymous_6)","decl":{"start":{"line":44,"column":24},"end":{"line":44,"column":25}},"loc":{"start":{"line":44,"column":36},"end":{"line":44,"column":161}},"line":44},"7":{"name":"handleOpenAlert","decl":{"start":{"line":44,"column":105},"end":{"line":44,"column":120}},"loc":{"start":{"line":44,"column":123},"end":{"line":44,"column":156}},"line":44},"8":{"name":"(anonymous_8)","decl":{"start":{"line":60,"column":27},"end":{"line":60,"column":28}},"loc":{"start":{"line":60,"column":39},"end":{"line":61,"column":41}},"line":60},"9":{"name":"(anonymous_9)","decl":{"start":{"line":64,"column":19},"end":{"line":64,"column":20}},"loc":{"start":{"line":64,"column":31},"end":{"line":81,"column":5}},"line":64},"10":{"name":"handleSuccess","decl":{"start":{"line":68,"column":35},"end":{"line":68,"column":48}},"loc":{"start":{"line":68,"column":51},"end":{"line":68,"column":107}},"line":68},"11":{"name":"handleFail","decl":{"start":{"line":69,"column":32},"end":{"line":69,"column":42}},"loc":{"start":{"line":69,"column":48},"end":{"line":76,"column":7}},"line":69},"12":{"name":"(anonymous_12)","decl":{"start":{"line":83,"column":23},"end":{"line":83,"column":24}},"loc":{"start":{"line":83,"column":35},"end":{"line":83,"column":76}},"line":83},"13":{"name":"componentDidMount","decl":{"start":{"line":83,"column":251},"end":{"line":83,"column":268}},"loc":{"start":{"line":83,"column":271},"end":{"line":83,"column":377}},"line":83},"14":{"name":"componentDidUpdate","decl":{"start":{"line":83,"column":426},"end":{"line":83,"column":444}},"loc":{"start":{"line":83,"column":456},"end":{"line":83,"column":633}},"line":83},"15":{"name":"handleOpenAlert","decl":{"start":{"line":83,"column":679},"end":{"line":83,"column":694}},"loc":{"start":{"line":83,"column":697},"end":{"line":83,"column":740}},"line":83},"16":{"name":"render","decl":{"start":{"line":83,"column":777},"end":{"line":83,"column":783}},"loc":{"start":{"line":85,"column":4},"end":{"line":107,"column":5}},"line":85},"17":{"name":"(anonymous_17)","decl":{"start":{"line":107,"column":105},"end":{"line":107,"column":106}},"loc":{"start":{"line":107,"column":121},"end":{"line":107,"column":643}},"line":107},"18":{"name":"headerRight","decl":{"start":{"line":107,"column":186},"end":{"line":107,"column":197}},"loc":{"start":{"line":107,"column":200},"end":{"line":107,"column":639}},"line":107}},"branchMap":{"0":{"loc":{"start":{"line":9,"column":389},"end":{"line":9,"column":588}},"type":"if","locations":[{"start":{"line":9,"column":389},"end":{"line":9,"column":588}},{"start":{"line":9,"column":389},"end":{"line":9,"column":588}}],"line":9},"1":{"loc":{"start":{"line":9,"column":691},"end":{"line":9,"column":762}},"type":"if","locations":[{"start":{"line":9,"column":691},"end":{"line":9,"column":762}},{"start":{"line":9,"column":691},"end":{"line":9,"column":762}}],"line":9},"2":{"loc":{"start":{"line":9,"column":695},"end":{"line":9,"column":747}},"type":"binary-expr","locations":[{"start":{"line":9,"column":695},"end":{"line":9,"column":725}},{"start":{"line":9,"column":729},"end":{"line":9,"column":747}}],"line":9},"3":{"loc":{"start":{"line":9,"column":762},"end":{"line":9,"column":803}},"type":"if","locations":[{"start":{"line":9,"column":762},"end":{"line":9,"column":803}},{"start":{"line":9,"column":762},"end":{"line":9,"column":803}}],"line":9},"4":{"loc":{"start":{"line":9,"column":803},"end":{"line":9,"column":848}},"type":"if","locations":[{"start":{"line":9,"column":803},"end":{"line":9,"column":848}},{"start":{"line":9,"column":803},"end":{"line":9,"column":848}}],"line":9},"5":{"loc":{"start":{"line":83,"column":323},"end":{"line":83,"column":363}},"type":"binary-expr","locations":[{"start":{"line":83,"column":323},"end":{"line":83,"column":357}},{"start":{"line":83,"column":361},"end":{"line":83,"column":363}}],"line":83},"6":{"loc":{"start":{"line":83,"column":457},"end":{"line":83,"column":632}},"type":"if","locations":[{"start":{"line":83,"column":457},"end":{"line":83,"column":632}},{"start":{"line":83,"column":457},"end":{"line":83,"column":632}}],"line":83},"7":{"loc":{"start":{"line":83,"column":578},"end":{"line":83,"column":618}},"type":"binary-expr","locations":[{"start":{"line":83,"column":578},"end":{"line":83,"column":612}},{"start":{"line":83,"column":616},"end":{"line":83,"column":618}}],"line":83},"8":{"loc":{"start":{"line":90,"column":8},"end":{"line":93,"column":131}},"type":"binary-expr","locations":[{"start":{"line":90,"column":8},"end":{"line":90,"column":13}},{"start":{"line":91,"column":8},"end":{"line":93,"column":131}}],"line":90},"9":{"loc":{"start":{"line":96,"column":8},"end":{"line":98,"column":126}},"type":"binary-expr","locations":[{"start":{"line":96,"column":8},"end":{"line":96,"column":23}},{"start":{"line":97,"column":8},"end":{"line":98,"column":126}}],"line":96}},"s":{"0":1,"1":1,"2":1,"3":1,"4":1,"5":1,"6":1,"7":1,"8":1,"9":1,"10":1,"11":1,"12":1,"13":1,"14":1,"15":1,"16":1,"17":1,"18":1,"19":1,"20":1,"21":1,"22":1,"23":0,"24":1,"25":1,"26":0,"27":1,"28":0,"29":1,"30":1,"31":0,"32":0,"33":0,"34":0,"35":1,"36":1,"37":1,"38":1,"39":1,"40":1,"41":1,"42":0,"43":1,"44":0,"45":1,"46":0,"47":0,"48":0,"49":0,"50":0,"51":0,"52":0,"53":0,"54":0,"55":1,"56":0,"57":1,"58":1,"59":1,"60":1,"61":1,"62":1,"63":0,"64":0,"65":2,"66":2,"67":2,"68":2,"69":2,"70":1,"71":1,"72":0,"73":0,"74":0,"75":1,"76":1,"77":1},"f":{"0":1,"1":1,"2":1,"3":0,"4":1,"5":1,"6":1,"7":0,"8":0,"9":0,"10":0,"11":0,"12":0,"13":1,"14":1,"15":0,"16":2,"17":0,"18":0},"b":{"0":[1,0],"1":[0,1],"2":[1,1],"3":[0,1],"4":[1,0],"5":[1,0],"6":[0,1],"7":[0,0],"8":[2,0],"9":[2,0]},"inputSourceMap":null,"_coverageSchema":"1a1c01bbd47fc00a2c39e90264f33305004495a9","hash":"6bdfab54a2b2877306d81b6a25b2a118e8d96097"}
,"D:\\Mitrais\\Presales\\Tests\\BTPN-Jenius\\RN-Contact\\Contact\\src\\screens\\contact\\ContactListScreen.js": {"path":"D:\\Mitrais\\Presales\\Tests\\BTPN-Jenius\\RN-Contact\\Contact\\src\\screens\\contact\\ContactListScreen.js","statementMap":{"0":{"start":{"line":1,"column":42},"end":{"line":1,"column":97}},"1":{"start":{"line":1,"column":98},"end":{"line":1,"column":160}},"2":{"start":{"line":1,"column":160},"end":{"line":1,"column":185}},"3":{"start":{"line":1,"column":204},"end":{"line":1,"column":265}},"4":{"start":{"line":1,"column":289},"end":{"line":1,"column":361}},"5":{"start":{"line":1,"column":382},"end":{"line":1,"column":451}},"6":{"start":{"line":1,"column":482},"end":{"line":1,"column":561}},"7":{"start":{"line":1,"column":579},"end":{"line":1,"column":645}},"8":{"start":{"line":1,"column":680},"end":{"line":1,"column":763}},"9":{"start":{"line":1,"column":787},"end":{"line":1,"column":859}},"10":{"start":{"line":1,"column":873},"end":{"line":1,"column":913}},"11":{"start":{"line":2,"column":19},"end":{"line":2,"column":42}},"12":{"start":{"line":4,"column":23},"end":{"line":4,"column":86}},"13":{"start":{"line":5,"column":24},"end":{"line":5,"column":87}},"14":{"start":{"line":6,"column":22},"end":{"line":6,"column":73}},"15":{"start":{"line":7,"column":14},"end":{"line":7,"column":67}},"16":{"start":{"line":7,"column":87},"end":{"line":7,"column":196}},"17":{"start":{"line":7,"column":261},"end":{"line":7,"column":288}},"18":{"start":{"line":7,"column":289},"end":{"line":7,"column":650}},"19":{"start":{"line":7,"column":341},"end":{"line":7,"column":379}},"20":{"start":{"line":7,"column":387},"end":{"line":7,"column":586}},"21":{"start":{"line":7,"column":435},"end":{"line":7,"column":482}},"22":{"start":{"line":7,"column":483},"end":{"line":7,"column":539}},"23":{"start":{"line":7,"column":547},"end":{"line":7,"column":585}},"24":{"start":{"line":7,"column":586},"end":{"line":7,"column":648}},"25":{"start":{"line":7,"column":689},"end":{"line":7,"column":760}},"26":{"start":{"line":7,"column":747},"end":{"line":7,"column":760}},"27":{"start":{"line":7,"column":760},"end":{"line":7,"column":801}},"28":{"start":{"line":7,"column":788},"end":{"line":7,"column":801}},"29":{"start":{"line":7,"column":801},"end":{"line":7,"column":846}},"30":{"start":{"line":7,"column":834},"end":{"line":7,"column":846}},"31":{"start":{"line":7,"column":846},"end":{"line":7,"column":964}},"32":{"start":{"line":7,"column":851},"end":{"line":7,"column":925}},"33":{"start":{"line":7,"column":925},"end":{"line":7,"column":937}},"34":{"start":{"line":7,"column":950},"end":{"line":7,"column":963}},"35":{"start":{"line":9,"column":20},"end":{"line":78,"column":62}},"36":{"start":{"line":9,"column":49},"end":{"line":9,"column":110}},"37":{"start":{"line":9,"column":123},"end":{"line":9,"column":154}},"38":{"start":{"line":10,"column":47},"end":{"line":10,"column":102}},"39":{"start":{"line":11,"column":4},"end":{"line":11,"column":37}},"40":{"start":{"line":11,"column":37},"end":{"line":49,"column":6}},"41":{"start":{"line":30,"column":6},"end":{"line":30,"column":39}},"42":{"start":{"line":31,"column":25},"end":{"line":31,"column":62}},"43":{"start":{"line":33,"column":25},"end":{"line":33,"column":92}},"44":{"start":{"line":33,"column":50},"end":{"line":33,"column":91}},"45":{"start":{"line":34,"column":23},"end":{"line":34,"column":89}},"46":{"start":{"line":34,"column":46},"end":{"line":34,"column":88}},"47":{"start":{"line":36,"column":26},"end":{"line":42,"column":7}},"48":{"start":{"line":37,"column":33},"end":{"line":37,"column":73}},"49":{"start":{"line":38,"column":8},"end":{"line":40,"column":28}},"50":{"start":{"line":43,"column":23},"end":{"line":43,"column":74}},"51":{"start":{"line":43,"column":49},"end":{"line":43,"column":73}},"52":{"start":{"line":45,"column":6},"end":{"line":45,"column":21}},"53":{"start":{"line":46,"column":6},"end":{"line":46,"column":69}},"54":{"start":{"line":48,"column":6},"end":{"line":48,"column":26}},"55":{"start":{"line":49,"column":6},"end":{"line":51,"column":126}},"56":{"start":{"line":51,"column":44},"end":{"line":51,"column":124}},"57":{"start":{"line":51,"column":126},"end":{"line":53,"column":304}},"58":{"start":{"line":53,"column":52},"end":{"line":53,"column":61}},"59":{"start":{"line":53,"column":62},"end":{"line":53,"column":302}},"60":{"start":{"line":53,"column":304},"end":{"line":57,"column":203}},"61":{"start":{"line":55,"column":58},"end":{"line":55,"column":71}},"62":{"start":{"line":55,"column":72},"end":{"line":57,"column":201}},"63":{"start":{"line":57,"column":203},"end":{"line":57,"column":250}},"64":{"start":{"line":57,"column":250},"end":{"line":57,"column":263}},"65":{"start":{"line":57,"column":264},"end":{"line":78,"column":10}},"66":{"start":{"line":57,"column":389},"end":{"line":57,"column":393}},"67":{"start":{"line":57,"column":394},"end":{"line":57,"column":702}},"68":{"start":{"line":57,"column":467},"end":{"line":57,"column":672}},"69":{"start":{"line":57,"column":478},"end":{"line":57,"column":671}},"70":{"start":{"line":57,"column":525},"end":{"line":57,"column":629}},"71":{"start":{"line":57,"column":605},"end":{"line":57,"column":626}},"72":{"start":{"line":57,"column":647},"end":{"line":57,"column":670}},"73":{"start":{"line":57,"column":778},"end":{"line":57,"column":806}},"74":{"start":{"line":62,"column":17},"end":{"line":62,"column":36}},"75":{"start":{"line":64,"column":6},"end":{"line":74,"column":172}},"76":{"start":{"line":74,"column":60},"end":{"line":74,"column":80}},"77":{"start":{"line":78,"column":10},"end":{"line":78,"column":35}},"78":{"start":{"line":81,"column":13},"end":{"line":84,"column":51}},"79":{"start":{"line":88,"column":0},"end":{"line":88,"column":17}},"80":{"start":{"line":88,"column":18},"end":{"line":88,"column":45}}},"fnMap":{"0":{"name":"_createSuper","decl":{"start":{"line":7,"column":206},"end":{"line":7,"column":218}},"loc":{"start":{"line":7,"column":228},"end":{"line":7,"column":651}},"line":7},"1":{"name":"_createSuperInternal","decl":{"start":{"line":7,"column":305},"end":{"line":7,"column":325}},"loc":{"start":{"line":7,"column":328},"end":{"line":7,"column":649}},"line":7},"2":{"name":"_isNativeReflectConstruct","decl":{"start":{"line":7,"column":660},"end":{"line":7,"column":685}},"loc":{"start":{"line":7,"column":688},"end":{"line":7,"column":965}},"line":7},"3":{"name":"(anonymous_3)","decl":{"start":{"line":7,"column":908},"end":{"line":7,"column":909}},"loc":{"start":{"line":7,"column":920},"end":{"line":7,"column":922}},"line":7},"4":{"name":"(anonymous_4)","decl":{"start":{"line":9,"column":20},"end":{"line":9,"column":21}},"loc":{"start":{"line":9,"column":48},"end":{"line":78,"column":36}},"line":9},"5":{"name":"ContactListScreen","decl":{"start":{"line":10,"column":11},"end":{"line":10,"column":28}},"loc":{"start":{"line":10,"column":36},"end":{"line":57,"column":264}},"line":10},"6":{"name":"(anonymous_6)","decl":{"start":{"line":29,"column":18},"end":{"line":29,"column":19}},"loc":{"start":{"line":29,"column":30},"end":{"line":49,"column":5}},"line":29},"7":{"name":"startLoading","decl":{"start":{"line":33,"column":34},"end":{"line":33,"column":46}},"loc":{"start":{"line":33,"column":49},"end":{"line":33,"column":92}},"line":33},"8":{"name":"endLoading","decl":{"start":{"line":34,"column":32},"end":{"line":34,"column":42}},"loc":{"start":{"line":34,"column":45},"end":{"line":34,"column":89}},"line":34},"9":{"name":"handleSuccess","decl":{"start":{"line":36,"column":35},"end":{"line":36,"column":48}},"loc":{"start":{"line":36,"column":59},"end":{"line":42,"column":7}},"line":36},"10":{"name":"handleFail","decl":{"start":{"line":43,"column":32},"end":{"line":43,"column":42}},"loc":{"start":{"line":43,"column":48},"end":{"line":43,"column":74}},"line":43},"11":{"name":"(anonymous_11)","decl":{"start":{"line":51,"column":24},"end":{"line":51,"column":25}},"loc":{"start":{"line":51,"column":43},"end":{"line":51,"column":125}},"line":51},"12":{"name":"(anonymous_12)","decl":{"start":{"line":53,"column":24},"end":{"line":53,"column":25}},"loc":{"start":{"line":53,"column":40},"end":{"line":53,"column":303}},"line":53},"13":{"name":"(anonymous_13)","decl":{"start":{"line":55,"column":26},"end":{"line":55,"column":27}},"loc":{"start":{"line":55,"column":43},"end":{"line":57,"column":202}},"line":55},"14":{"name":"componentDidMount","decl":{"start":{"line":57,"column":355},"end":{"line":57,"column":372}},"loc":{"start":{"line":57,"column":375},"end":{"line":57,"column":703}},"line":57},"15":{"name":"componentDidMount$","decl":{"start":{"line":57,"column":437},"end":{"line":57,"column":455}},"loc":{"start":{"line":57,"column":466},"end":{"line":57,"column":673}},"line":57},"16":{"name":"(anonymous_16)","decl":{"start":{"line":57,"column":592},"end":{"line":57,"column":593}},"loc":{"start":{"line":57,"column":604},"end":{"line":57,"column":627}},"line":57},"17":{"name":"componentWillUnmount","decl":{"start":{"line":57,"column":754},"end":{"line":57,"column":774}},"loc":{"start":{"line":57,"column":777},"end":{"line":57,"column":807}},"line":57},"18":{"name":"render","decl":{"start":{"line":57,"column":844},"end":{"line":57,"column":850}},"loc":{"start":{"line":61,"column":4},"end":{"line":78,"column":5}},"line":61},"19":{"name":"keyExtractor","decl":{"start":{"line":74,"column":33},"end":{"line":74,"column":45}},"loc":{"start":{"line":74,"column":59},"end":{"line":74,"column":81}},"line":74}},"branchMap":{"0":{"loc":{"start":{"line":7,"column":387},"end":{"line":7,"column":586}},"type":"if","locations":[{"start":{"line":7,"column":387},"end":{"line":7,"column":586}},{"start":{"line":7,"column":387},"end":{"line":7,"column":586}}],"line":7},"1":{"loc":{"start":{"line":7,"column":689},"end":{"line":7,"column":760}},"type":"if","locations":[{"start":{"line":7,"column":689},"end":{"line":7,"column":760}},{"start":{"line":7,"column":689},"end":{"line":7,"column":760}}],"line":7},"2":{"loc":{"start":{"line":7,"column":693},"end":{"line":7,"column":745}},"type":"binary-expr","locations":[{"start":{"line":7,"column":693},"end":{"line":7,"column":723}},{"start":{"line":7,"column":727},"end":{"line":7,"column":745}}],"line":7},"3":{"loc":{"start":{"line":7,"column":760},"end":{"line":7,"column":801}},"type":"if","locations":[{"start":{"line":7,"column":760},"end":{"line":7,"column":801}},{"start":{"line":7,"column":760},"end":{"line":7,"column":801}}],"line":7},"4":{"loc":{"start":{"line":7,"column":801},"end":{"line":7,"column":846}},"type":"if","locations":[{"start":{"line":7,"column":801},"end":{"line":7,"column":846}},{"start":{"line":7,"column":801},"end":{"line":7,"column":846}}],"line":7},"5":{"loc":{"start":{"line":57,"column":478},"end":{"line":57,"column":671}},"type":"switch","locations":[{"start":{"line":57,"column":518},"end":{"line":57,"column":629}},{"start":{"line":57,"column":629},"end":{"line":57,"column":636}},{"start":{"line":57,"column":636},"end":{"line":57,"column":670}}],"line":57},"6":{"loc":{"start":{"line":66,"column":8},"end":{"line":67,"column":198}},"type":"binary-expr","locations":[{"start":{"line":66,"column":8},"end":{"line":66,"column":26}},{"start":{"line":67,"column":8},"end":{"line":67,"column":198}}],"line":66}},"s":{"0":1,"1":1,"2":1,"3":1,"4":1,"5":1,"6":1,"7":1,"8":1,"9":1,"10":1,"11":1,"12":1,"13":1,"14":1,"15":1,"16":1,"17":1,"18":1,"19":3,"20":3,"21":3,"22":3,"23":0,"24":3,"25":1,"26":0,"27":1,"28":0,"29":1,"30":1,"31":0,"32":0,"33":0,"34":0,"35":1,"36":1,"37":1,"38":3,"39":3,"40":3,"41":0,"42":0,"43":0,"44":0,"45":0,"46":0,"47":0,"48":0,"49":0,"50":0,"51":0,"52":0,"53":0,"54":0,"55":3,"56":0,"57":3,"58":0,"59":0,"60":3,"61":0,"62":0,"63":3,"64":3,"65":1,"66":3,"67":3,"68":6,"69":6,"70":3,"71":0,"72":3,"73":0,"74":4,"75":4,"76":0,"77":1,"78":1,"79":1,"80":1},"f":{"0":1,"1":3,"2":1,"3":0,"4":1,"5":3,"6":0,"7":0,"8":0,"9":0,"10":0,"11":0,"12":0,"13":0,"14":3,"15":6,"16":0,"17":0,"18":4,"19":0},"b":{"0":[3,0],"1":[0,1],"2":[1,1],"3":[0,1],"4":[1,0],"5":[3,0,3],"6":[4,1]},"inputSourceMap":null,"_coverageSchema":"1a1c01bbd47fc00a2c39e90264f33305004495a9","hash":"6391343609256b1aa3af0723cc650b0cd6b9ed8d"}
,"D:\\Mitrais\\Presales\\Tests\\BTPN-Jenius\\RN-Contact\\Contact\\src\\screens\\contact\\ContactService.js": {"path":"D:\\Mitrais\\Presales\\Tests\\BTPN-Jenius\\RN-Contact\\Contact\\src\\screens\\contact\\ContactService.js","statementMap":{"0":{"start":{"line":1,"column":42},"end":{"line":1,"column":97}},"1":{"start":{"line":1,"column":98},"end":{"line":1,"column":160}},"2":{"start":{"line":1,"column":160},"end":{"line":1,"column":194}},"3":{"start":{"line":1,"column":194},"end":{"line":1,"column":226}},"4":{"start":{"line":1,"column":226},"end":{"line":1,"column":264}},"5":{"start":{"line":1,"column":264},"end":{"line":1,"column":302}},"6":{"start":{"line":1,"column":302},"end":{"line":1,"column":327}},"7":{"start":{"line":1,"column":341},"end":{"line":1,"column":392}},"8":{"start":{"line":2,"column":15},"end":{"line":2,"column":65}},"9":{"start":{"line":5,"column":23},"end":{"line":5,"column":100}},"10":{"start":{"line":5,"column":57},"end":{"line":5,"column":99}},"11":{"start":{"line":7,"column":2},"end":{"line":7,"column":75}},"12":{"start":{"line":12,"column":2},"end":{"line":12,"column":74}},"13":{"start":{"line":16,"column":19},"end":{"line":19,"column":26}},"14":{"start":{"line":21,"column":24},"end":{"line":21,"column":32}},"15":{"start":{"line":23,"column":2},"end":{"line":23,"column":107}},"16":{"start":{"line":27,"column":24},"end":{"line":27,"column":32}},"17":{"start":{"line":29,"column":2},"end":{"line":29,"column":91}},"18":{"start":{"line":32,"column":0},"end":{"line":36,"column":32}},"19":{"start":{"line":36,"column":33},"end":{"line":36,"column":60}}},"fnMap":{"0":{"name":"getContacts","decl":{"start":{"line":4,"column":9},"end":{"line":4,"column":20}},"loc":{"start":{"line":4,"column":23},"end":{"line":8,"column":1}},"line":4},"1":{"name":"extractPayload","decl":{"start":{"line":5,"column":32},"end":{"line":5,"column":46}},"loc":{"start":{"line":5,"column":56},"end":{"line":5,"column":100}},"line":5},"2":{"name":"addContact","decl":{"start":{"line":10,"column":9},"end":{"line":10,"column":19}},"loc":{"start":{"line":10,"column":32},"end":{"line":13,"column":1}},"line":10},"3":{"name":"updateContact","decl":{"start":{"line":15,"column":9},"end":{"line":15,"column":22}},"loc":{"start":{"line":15,"column":40},"end":{"line":24,"column":1}},"line":15},"4":{"name":"deleteContact","decl":{"start":{"line":26,"column":9},"end":{"line":26,"column":22}},"loc":{"start":{"line":26,"column":27},"end":{"line":30,"column":1}},"line":26}},"branchMap":{},"s":{"0":3,"1":3,"2":3,"3":3,"4":3,"5":3,"6":3,"7":3,"8":3,"9":0,"10":0,"11":0,"12":0,"13":0,"14":0,"15":0,"16":0,"17":0,"18":3,"19":3},"f":{"0":0,"1":0,"2":0,"3":0,"4":0},"b":{},"inputSourceMap":null,"_coverageSchema":"1a1c01bbd47fc00a2c39e90264f33305004495a9","hash":"3ae563821add3dc81e0dbd329288badd68c3b6ec"}
,"D:\\Mitrais\\Presales\\Tests\\BTPN-Jenius\\RN-Contact\\Contact\\src\\screens\\contact\\ModifyContactForm.js": {"path":"D:\\Mitrais\\Presales\\Tests\\BTPN-Jenius\\RN-Contact\\Contact\\src\\screens\\contact\\ModifyContactForm.js","statementMap":{"0":{"start":{"line":1,"column":42},"end":{"line":1,"column":97}},"1":{"start":{"line":1,"column":98},"end":{"line":1,"column":160}},"2":{"start":{"line":1,"column":160},"end":{"line":1,"column":185}},"3":{"start":{"line":1,"column":208},"end":{"line":1,"column":280}},"4":{"start":{"line":1,"column":297},"end":{"line":1,"column":362}},"5":{"start":{"line":1,"column":386},"end":{"line":1,"column":458}},"6":{"start":{"line":1,"column":479},"end":{"line":1,"column":548}},"7":{"start":{"line":1,"column":579},"end":{"line":1,"column":658}},"8":{"start":{"line":1,"column":676},"end":{"line":1,"column":742}},"9":{"start":{"line":1,"column":777},"end":{"line":1,"column":860}},"10":{"start":{"line":1,"column":884},"end":{"line":1,"column":956}},"11":{"start":{"line":1,"column":970},"end":{"line":1,"column":1010}},"12":{"start":{"line":2,"column":17},"end":{"line":2,"column":62}},"13":{"start":{"line":3,"column":19},"end":{"line":3,"column":42}},"14":{"start":{"line":4,"column":27},"end":{"line":4,"column":59}},"15":{"start":{"line":5,"column":14},"end":{"line":5,"column":72}},"16":{"start":{"line":6,"column":14},"end":{"line":6,"column":67}},"17":{"start":{"line":6,"column":87},"end":{"line":6,"column":196}},"18":{"start":{"line":6,"column":250},"end":{"line":6,"column":269}},"19":{"start":{"line":6,"column":270},"end":{"line":6,"column":515}},"20":{"start":{"line":6,"column":319},"end":{"line":6,"column":355}},"21":{"start":{"line":6,"column":356},"end":{"line":6,"column":483}},"22":{"start":{"line":6,"column":376},"end":{"line":6,"column":483}},"23":{"start":{"line":6,"column":417},"end":{"line":6,"column":480}},"24":{"start":{"line":6,"column":483},"end":{"line":6,"column":514}},"25":{"start":{"line":6,"column":515},"end":{"line":6,"column":527}},"26":{"start":{"line":6,"column":560},"end":{"line":6,"column":1045}},"27":{"start":{"line":6,"column":573},"end":{"line":6,"column":574}},"28":{"start":{"line":6,"column":617},"end":{"line":6,"column":657}},"29":{"start":{"line":6,"column":658},"end":{"line":6,"column":1044}},"30":{"start":{"line":6,"column":670},"end":{"line":6,"column":783}},"31":{"start":{"line":6,"column":724},"end":{"line":6,"column":780}},"32":{"start":{"line":6,"column":790},"end":{"line":6,"column":1044}},"33":{"start":{"line":6,"column":829},"end":{"line":6,"column":903}},"34":{"start":{"line":6,"column":911},"end":{"line":6,"column":1043}},"35":{"start":{"line":6,"column":959},"end":{"line":6,"column":1040}},"36":{"start":{"line":6,"column":1045},"end":{"line":6,"column":1059}},"37":{"start":{"line":6,"column":1124},"end":{"line":6,"column":1151}},"38":{"start":{"line":6,"column":1152},"end":{"line":6,"column":1513}},"39":{"start":{"line":6,"column":1204},"end":{"line":6,"column":1242}},"40":{"start":{"line":6,"column":1250},"end":{"line":6,"column":1449}},"41":{"start":{"line":6,"column":1298},"end":{"line":6,"column":1345}},"42":{"start":{"line":6,"column":1346},"end":{"line":6,"column":1402}},"43":{"start":{"line":6,"column":1410},"end":{"line":6,"column":1448}},"44":{"start":{"line":6,"column":1449},"end":{"line":6,"column":1511}},"45":{"start":{"line":6,"column":1552},"end":{"line":6,"column":1623}},"46":{"start":{"line":6,"column":1610},"end":{"line":6,"column":1623}},"47":{"start":{"line":6,"column":1623},"end":{"line":6,"column":1664}},"48":{"start":{"line":6,"column":1651},"end":{"line":6,"column":1664}},"49":{"start":{"line":6,"column":1664},"end":{"line":6,"column":1709}},"50":{"start":{"line":6,"column":1697},"end":{"line":6,"column":1709}},"51":{"start":{"line":6,"column":1709},"end":{"line":6,"column":1827}},"52":{"start":{"line":6,"column":1714},"end":{"line":6,"column":1788}},"53":{"start":{"line":6,"column":1788},"end":{"line":6,"column":1800}},"54":{"start":{"line":6,"column":1813},"end":{"line":6,"column":1826}},"55":{"start":{"line":8,"column":20},"end":{"line":114,"column":62}},"56":{"start":{"line":8,"column":49},"end":{"line":8,"column":110}},"57":{"start":{"line":8,"column":123},"end":{"line":8,"column":154}},"58":{"start":{"line":9,"column":47},"end":{"line":9,"column":102}},"59":{"start":{"line":10,"column":4},"end":{"line":10,"column":37}},"60":{"start":{"line":10,"column":37},"end":{"line":36,"column":21}},"61":{"start":{"line":36,"column":21},"end":{"line":55,"column":10}},"62":{"start":{"line":48,"column":47},"end":{"line":55,"column":8}},"63":{"start":{"line":49,"column":8},"end":{"line":52,"column":9}},"64":{"start":{"line":50,"column":23},"end":{"line":50,"column":51}},"65":{"start":{"line":51,"column":10},"end":{"line":51,"column":57}},"66":{"start":{"line":54,"column":8},"end":{"line":54,"column":99}},"67":{"start":{"line":55,"column":10},"end":{"line":60,"column":35}},"68":{"start":{"line":57,"column":50},"end":{"line":60,"column":33}},"69":{"start":{"line":60,"column":35},"end":{"line":60,"column":69}},"70":{"start":{"line":60,"column":69},"end":{"line":60,"column":82}},"71":{"start":{"line":60,"column":83},"end":{"line":114,"column":10}},"72":{"start":{"line":60,"column":195},"end":{"line":60,"column":301}},"73":{"start":{"line":60,"column":232},"end":{"line":60,"column":300}},"74":{"start":{"line":64,"column":18},"end":{"line":64,"column":22}},"75":{"start":{"line":65,"column":6},"end":{"line":65,"column":16}},"76":{"start":{"line":65,"column":26},"end":{"line":65,"column":44}},"77":{"start":{"line":65,"column":57},"end":{"line":65,"column":78}},"78":{"start":{"line":66,"column":20},"end":{"line":66,"column":42}},"79":{"start":{"line":68,"column":6},"end":{"line":107,"column":266}},"80":{"start":{"line":70,"column":49},"end":{"line":94,"column":144}},"81":{"start":{"line":107,"column":122},"end":{"line":107,"column":162}},"82":{"start":{"line":114,"column":10},"end":{"line":114,"column":35}},"83":{"start":{"line":117,"column":13},"end":{"line":149,"column":16}},"84":{"start":{"line":153,"column":0},"end":{"line":157,"column":39}},"85":{"start":{"line":160,"column":0},"end":{"line":160,"column":17}},"86":{"start":{"line":160,"column":18},"end":{"line":160,"column":45}}},"fnMap":{"0":{"name":"ownKeys","decl":{"start":{"line":6,"column":206},"end":{"line":6,"column":213}},"loc":{"start":{"line":6,"column":238},"end":{"line":6,"column":528}},"line":6},"1":{"name":"(anonymous_1)","decl":{"start":{"line":6,"column":401},"end":{"line":6,"column":402}},"loc":{"start":{"line":6,"column":416},"end":{"line":6,"column":481}},"line":6},"2":{"name":"_objectSpread","decl":{"start":{"line":6,"column":537},"end":{"line":6,"column":550}},"loc":{"start":{"line":6,"column":559},"end":{"line":6,"column":1060}},"line":6},"3":{"name":"(anonymous_3)","decl":{"start":{"line":6,"column":708},"end":{"line":6,"column":709}},"loc":{"start":{"line":6,"column":723},"end":{"line":6,"column":781}},"line":6},"4":{"name":"(anonymous_4)","decl":{"start":{"line":6,"column":943},"end":{"line":6,"column":944}},"loc":{"start":{"line":6,"column":958},"end":{"line":6,"column":1041}},"line":6},"5":{"name":"_createSuper","decl":{"start":{"line":6,"column":1069},"end":{"line":6,"column":1081}},"loc":{"start":{"line":6,"column":1091},"end":{"line":6,"column":1514}},"line":6},"6":{"name":"_createSuperInternal","decl":{"start":{"line":6,"column":1168},"end":{"line":6,"column":1188}},"loc":{"start":{"line":6,"column":1191},"end":{"line":6,"column":1512}},"line":6},"7":{"name":"_isNativeReflectConstruct","decl":{"start":{"line":6,"column":1523},"end":{"line":6,"column":1548}},"loc":{"start":{"line":6,"column":1551},"end":{"line":6,"column":1828}},"line":6},"8":{"name":"(anonymous_8)","decl":{"start":{"line":6,"column":1771},"end":{"line":6,"column":1772}},"loc":{"start":{"line":6,"column":1783},"end":{"line":6,"column":1785}},"line":6},"9"
[...]
line":6,"column":1449}}],"line":6},"6":{"loc":{"start":{"line":6,"column":1552},"end":{"line":6,"column":1623}},"type":"if","locations":[{"start":{"line":6,"column":1552},"end":{"line":6,"column":1623}},{"start":{"line":6,"column":1552},"end":{"line":6,"column":1623}}],"line":6},"7":{"loc":{"start":{"line":6,"column":1556},"end":{"line":6,"column":1608}},"type":"binary-expr","locations":[{"start":{"line":6,"column":1556},"end":{"line":6,"column":1586}},{"start":{"line":6,"column":1590},"end":{"line":6,"column":1608}}],"line":6},"8":{"loc":{"start":{"line":6,"column":1623},"end":{"line":6,"column":1664}},"type":"if","locations":[{"start":{"line":6,"column":1623},"end":{"line":6,"column":1664}},{"start":{"line":6,"column":1623},"end":{"line":6,"column":1664}}],"line":6},"9":{"loc":{"start":{"line":6,"column":1664},"end":{"line":6,"column":1709}},"type":"if","locations":[{"start":{"line":6,"column":1664},"end":{"line":6,"column":1709}},{"start":{"line":6,"column":1664},"end":{"line":6,"column":1709}}],"line":6},"10":{"loc":{"start":{"line":49,"column":8},"end":{"line":52,"column":9}},"type":"if","locations":[{"start":{"line":49,"column":8},"end":{"line":52,"column":9}},{"start":{"line":49,"column":8},"end":{"line":52,"column":9}}],"line":49},"11":{"loc":{"start":{"line":60,"column":195},"end":{"line":60,"column":301}},"type":"if","locations":[{"start":{"line":60,"column":195},"end":{"line":60,"column":301}},{"start":{"line":60,"column":195},"end":{"line":60,"column":301}}],"line":60},"12":{"loc":{"start":{"line":72,"column":12},"end":{"line":94,"column":141}},"type":"cond-expr","locations":[{"start":{"line":73,"column":12},"end":{"line":83,"column":132}},{"start":{"line":87,"column":12},"end":{"line":94,"column":141}}],"line":72},"13":{"loc":{"start":{"line":80,"column":21},"end":{"line":80,"column":47}},"type":"binary-expr","locations":[{"start":{"line":80,"column":21},"end":{"line":80,"column":38}},{"start":{"line":80,"column":42},"end":{"line":80,"column":47}}],"line":80}},"s":{"0":2,"1":2,"2":2,"3":2,"4":2,"5":2,"6":2,"7":2,"8":2,"9":2,"10":2,"11":2,"12":2,"13":2,"14":2,"15":2,"16":2,"17":2,"18":0,"19":0,"20":0,"21":0,"22":0,"23":0,"24":0,"25":0,"26":0,"27":0,"28":0,"29":0,"30":0,"31":0,"32":0,"33":0,"34":0,"35":0,"36":0,"37":2,"38":2,"39":2,"40":2,"41":2,"42":2,"43":0,"44":2,"45":2,"46":0,"47":2,"48":0,"49":2,"50":2,"51":0,"52":0,"53":0,"54":0,"55":2,"56":2,"57":2,"58":2,"59":2,"60":2,"61":2,"62":15,"63":2,"64":1,"65":1,"66":1,"67":2,"68":2,"69":2,"70":2,"71":2,"72":2,"73":0,"74":5,"75":5,"76":5,"77":5,"78":5,"79":5,"80":20,"81":0,"82":2,"83":2,"84":2,"85":2,"86":2},"f":{"0":0,"1":0,"2":0,"3":0,"4":0,"5":2,"6":2,"7":2,"8":0,"9":2,"10":2,"11":15,"12":2,"13":2,"14":2,"15":5,"16":20,"17":0},"b":{"0":[0,0],"1":[0,0],"2":[0,0],"3":[0,0],"4":[0,0],"5":[2,0],"6":[0,2],"7":[2,2],"8":[0,2],"9":[2,0],"10":[1,1],"11":[0,2],"12":[5,15],"13":[5,2]},"inputSourceMap":null,"_coverageSchema":"1a1c01bbd47fc00a2c39e90264f33305004495a9","hash":"719a72f32ed73d471d25f235fe75a15bbd93764d"}
,"D:\\Mitrais\\Presales\\Tests\\BTPN-Jenius\\RN-Contact\\Contact\\src\\screens\\contact\\components\\ContactListItem.js": {"path":"D:\\Mitrais\\Presales\\Tests\\BTPN-Jenius\\RN-Contact\\Contact\\src\\screens\\contact\\components\\ContactListItem.js","statementMap":{"0":{"start":{"line":1,"column":42},"end":{"line":1,"column":97}},"1":{"start":{"line":1,"column":98},"end":{"line":1,"column":160}},"2":{"start":{"line":1,"column":160},"end":{"line":1,"column":185}},"3":{"start":{"line":1,"column":198},"end":{"line":1,"column":238}},"4":{"start":{"line":2,"column":17},"end":{"line":2,"column":62}},"5":{"start":{"line":3,"column":19},"end":{"line":3,"column":42}},"6":{"start":{"line":4,"column":27},"end":{"line":4,"column":59}},"7":{"start":{"line":5,"column":14},"end":{"line":5,"column":70}},"8":{"start":{"line":5,"column":83},"end":{"line":5,"column":87}},"9":{"start":{"line":5,"column":103},"end":{"line":5,"column":222}},"10":{"start":{"line":7,"column":22},"end":{"line":29,"column":1}},"11":{"start":{"line":8,"column":12},"end":{"line":8,"column":25}},"12":{"start":{"line":8,"column":37},"end":{"line":8,"column":50}},"13":{"start":{"line":10,"column":2},"end":{"line":24,"column":21}},"14":{"start":{"line":11,"column":137},"end":{"line":11,"column":162}},"15":{"start":{"line":31,"column":13},"end":{"line":45,"column":29}},"16":{"start":{"line":49,"column":0},"end":{"line":51,"column":37}},"17":{"start":{"line":55,"column":0},"end":{"line":55,"column":15}},"18":{"start":{"line":55,"column":16},"end":{"line":55,"column":43}}},"fnMap":{"0":{"name":"ContactListItem","decl":{"start":{"line":7,"column":31},"end":{"line":7,"column":46}},"loc":{"start":{"line":7,"column":54},"end":{"line":29,"column":1}},"line":7},"1":{"name":"onPress","decl":{"start":{"line":11,"column":126},"end":{"line":11,"column":133}},"loc":{"start":{"line":11,"column":136},"end":{"line":11,"column":163}},"line":11}},"branchMap":{},"s":{"0":2,"1":2,"2":2,"3":2,"4":2,"5":2,"6":2,"7":2,"8":2,"9":2,"10":2,"11":2,"12":2,"13":2,"14":0,"15":2,"16":2,"17":2,"18":2},"f":{"0":2,"1":0},"b":{},"inputSourceMap":null,"_coverageSchema":"1a1c01bbd47fc00a2c39e90264f33305004495a9","hash":"2478afa91f85edc0817482b70e37288924de42cb"}
,"D:\\Mitrais\\Presales\\Tests\\BTPN-Jenius\\RN-Contact\\Contact\\src\\screens\\contact\\components\\DeleteAlert.js": {"path":"D:\\Mitrais\\Presales\\Tests\\BTPN-Jenius\\RN-Contact\\Contact\\src\\screens\\contact\\components\\DeleteAlert.js","statementMap":{"0":{"start":{"line":1,"column":42},"end":{"line":1,"column":97}},"1":{"start":{"line":1,"column":98},"end":{"line":1,"column":160}},"2":{"start":{"line":1,"column":160},"end":{"line":1,"column":185}},"3":{"start":{"line":1,"column":198},"end":{"line":1,"column":238}},"4":{"start":{"line":2,"column":17},"end":{"line":2,"column":62}},"5":{"start":{"line":3,"column":19},"end":{"line":3,"column":42}},"6":{"start":{"line":3,"column":55},"end":{"line":3,"column":59}},"7":{"start":{"line":3,"column":75},"end":{"line":3,"column":190}},"8":{"start":{"line":5,"column":18},"end":{"line":28,"column":1}},"9":{"start":{"line":6,"column":13},"end":{"line":6,"column":27}},"10":{"start":{"line":6,"column":39},"end":{"line":6,"column":53}},"11":{"start":{"line":8,"column":20},"end":{"line":20,"column":31}},"12":{"start":{"line":8,"column":44},"end":{"line":20,"column":30}},"13":{"start":{"line":23,"column":2},"end":{"line":25,"column":20}},"14":{"start":{"line":30,"column":0},"end":{"line":32,"column":38}},"15":{"start":{"line":35,"column":0},"end":{"line":35,"column":11}},"16":{"start":{"line":35,"column":12},"end":{"line":35,"column":39}}},"fnMap":{"0":{"name":"DeleteAlert","decl":{"start":{"line":5,"column":27},"end":{"line":5,"column":38}},"loc":{"start":{"line":5,"column":46},"end":{"line":28,"column":1}},"line":5},"1":{"name":"renderAlert","decl":{"start":{"line":8,"column":29},"end":{"line":8,"column":40}},"loc":{"start":{"line":8,"column":43},"end":{"line":20,"column":31}},"line":8}},"branchMap":{},"s":{"0":1,"1":1,"2":1,"3":1,"4":1,"5":1,"6":1,"7":1,"8":1,"9":0,"10":0,"11":0,"12":0,"13":0,"14":1,"15":1,"16":1},"f":{"0":0,"1":0},"b":{},"inputSourceMap":null,"_coverageSchema":"1a1c01bbd47fc00a2c39e90264f33305004495a9","hash":"78944ca0d328bca8c58ca599de6af49bbf07998c"}
,"D:\\Mitrais\\Presales\\Tests\\BTPN-Jenius\\RN-Contact\\Contact\\src\\screens\\contact\\types\\Contact.js": {"path":"D:\\Mitrais\\Presales\\Tests\\BTPN-Jenius\\RN-Contact\\Contact\\src\\screens\\contact\\types\\Contact.js","statementMap":{"0":{"start":{"line":1,"column":13},"end":{"line":1,"column":75}},"1":{"start":{"line":1,"column":75},"end":{"line":1,"column":100}},"2":{"start":{"line":1,"column":114},"end":{"line":15,"column":42}},"3":{"start":{"line":1,"column":145},"end":{"line":7,"column":4}},"4":{"start":{"line":7,"column":10},"end":{"line":7,"column":17}},"5":{"start":{"line":7,"column":30},"end":{"line":7,"column":44}},"6":{"start":{"line":7,"column":56},"end":{"line":7,"column":69}},"7":{"start":{"line":7,"column":76},"end":{"line":7,"column":84}},"8":{"start":{"line":7,"column":93},"end":{"line":7,"column":103}},"9":{"start":{"line":7,"column":104},"end":{"line":15,"column":41}},"10":{"start":{"line":18,"column":18},"end":{"line":22,"column":1}},"11":{"start":{"line":19,"column":21},"end":{"line":19,"column":66}},"12":{"start":{"line":20,"column":20},"end":{"line":20,"column":63}},"13":{"start":{"line":21,"column":2},"end":{"line":21,"column":36}},"14":{"start":{"line":24,"column":0},"end":{"line":24,"column":7}},"15":{"start":{"line":24,"column":8},"end":{"line":24,"column":35}}},"fnMap":{"0":{"name":"Contact","decl":{"start":{"line":1,"column":123},"end":{"line":1,"column":130}},"loc":{"start":{"line":1,"column":133},"end":{"line":15,"column":42}},"line":1},"1":{"name":"getInitials","decl":{"start":{"line":18,"column":27},"end":{"line":18,"column":38}},"loc":{"start":{"line":18,"column":60},"end":{"line":22,"column":1}},"line":18}},"branchMap":{"0":{"loc":{"start":{"line":1,"column":145},"end":{"line":7,"column":4}},"type":"cond-expr","locations":[{"start":{"line":1,"column":198},"end":{"line":1,"column":210}},{"start":{"line":7,"column":2},"end":{"line":7,"column":4}}],"line":1},"1":{"loc":{"start":{"line":1,"column":145},"end":{"line":1,"column":195}},"type":"binary-expr","locations":[{"start":{"line":1,"column":145},"end":{"line":1,"column":165}},{"start":{"line":1,"column":169},"end":{"line":1,"column":195}}],"line":1},"2":{"loc":{"start":{"line":15,"column":13},"end":{"line":15,"column":38}},"type":"binary-expr","locations":[{"start":{"line":15,"column":13},"end":{"line":15,"column":22}},{"start":{"line":15,"column":26},"end":{"line":15,"column":38}}],"line":15},"3":{"loc":{"start":{"line":19,"column":21},"end":{"line":19,"column":66}},"type":"binary-expr","locations":[{"start":{"line":19,"column":21},"end":{"line":19,"column":30}},{"start":{"line":19,"column":34},"end":{"line":19,"column":60}},{"start":{"line":19,"column":64},"end":{"line":19,"column":66}}],"line":19},"4":{"loc":{"start":{"line":20,"column":20},"end":{"line":20,"column":63}},"type":"binary-expr","locations":[{"start":{"line":20,"column":20},"end":{"line":20,"column":28}},{"start":{"line":20,"column":32},"end":{"line":20,"column":57}},{"start":{"line":20,"column":61},"end":{"line":20,"column":63}}],"line":20}},"s":{"0":3,"1":3,"2":3,"3":0,"4":0,"5":0,"6":0,"7":0,"8":0,"9":0,"10":3,"11":0,"12":0,"13":0,"14":3,"15":3},"f":{"0":0,"1":0},"b":{"0":[0,0],"1":[0,0],"2":[0,0],"3":[0,0,0],"4":[0,0,0]},"inputSourceMap":null,"_coverageSchema":"1a1c01bbd47fc00a2c39e90264f33305004495a9","hash":"6ae7b2d49a3160eb64be7291e013ecacc2a0d0a9"}
,"D:\\Mitrais\\Presales\\Tests\\BTPN-Jenius\\RN-Contact\\Contact\\src\\utils\\Styles.js": {"path":"D:\\Mitrais\\Presales\\Tests\\BTPN-Jenius\\RN-Contact\\Contact\\src\\utils\\Styles.js","statementMap":{"0":{"start":{"line":1,"column":13},"end":{"line":1,"column":75}},"1":{"start":{"line":1,"column":75},"end":{"line":1,"column":731}},"2":{"start":{"line":1,"column":750},"end":{"line":1,"column":759}},"3":{"start":{"line":1,"column":760},"end":{"line":1,"column":796}},"4":{"start":{"line":2,"column":21},"end":{"line":2,"column":28}},"5":{"start":{"line":2,"column":29},"end":{"line":2,"column":69}},"6":{"start":{"line":3,"column":25},"end":{"line":3,"column":34}},"7":{"start":{"line":3,"column":35},"end":{"line":3,"column":83}},"8":{"start":{"line":4,"column":27},"end":{"line":4,"column":34}},"9":{"start":{"line":4,"column":35},"end":{"line":4,"column":87}},"10":{"start":{"line":6,"column":29},"end":{"line":6,"column":38}},"11":{"start":{"line":6,"column":39},"end":{"line":6,"column":95}},"12":{"start":{"line":7,"column":25},"end":{"line":7,"column":46}},"13":{"start":{"line":7,"column":47},"end":{"line":7,"column":95}},"14":{"start":{"line":9,"column":23},"end":{"line":9,"column":25}},"15":{"start":{"line":9,"column":26},"end":{"line":9,"column":70}},"16":{"start":{"line":10,"column":20},"end":{"line":10,"column":22}},"17":{"start":{"line":10,"column":23},"end":{"line":10,"column":61}},"18":{"start":{"line":11,"column":21},"end":{"line":11,"column":23}},"19":{"start":{"line":11,"column":24},"end":{"line":11,"column":64}},"20":{"start":{"line":12,"column":27},"end":{"line":12,"column":29}},"21":{"start":{"line":12,"column":30},"end":{"line":12,"column":82}},"22":{"start":{"line":14,"column":33},"end":{"line":14,"column":42}},"23":{"start":{"line":14,"column":43},"end":{"line":14,"column":107}},"24":{"start":{"line":15,"column":27},"end":{"line":15,"column":34}},"25":{"start":{"line":15,"column":35},"end":{"line":15,"column":87}},"26":{"start":{"line":17,"column":33},"end":{"line":17,"column":35}},"27":{"start":{"line":17,"column":36},"end":{"line":17,"column":100}},"28":{"start":{"line":18,"column":28},"end":{"line":18,"column":30}},"29":{"start":{"line":18,"column":31},"end":{"line":18,"column":85}},"30":{"start":{"line":20,"column":29},"end":{"line":20,"column":53}},"31":{"start":{"line":20,"column":54},"end":{"line":20,"column":110}},"32":{"start":{"line":22,"column":23},"end":{"line":24,"column":21}},"33":{"start":{"line":24,"column":22},"end":{"line":24,"column":66}},"34":{"start":{"line":27,"column":26},"end":{"line":29,"column":16}},"35":{"start":{"line":29,"column":17},"end":{"line":29,"column":67}},"36":{"start":{"line":32,"column":28},"end":{"line":34,"column":21}},"37":{"start":{"line":34,"column":22},"end":{"line":34,"column":76}},"38":{"start":{"line":37,"column":20},"end":{"line":38,"column":25}},"39":{"start":{"line":38,"column":26},"end":{"line":38,"column":64}},"40":{"start":{"line":41,"column":18},"end":{"line":42,"column":16}},"41":{"start":{"line":42,"column":17},"end":{"line":42,"column":51}},"42":{"start":{"line":45,"column":23},"end":{"line":46,"column":16}},"43":{"start":{"line":46,"column":17},"end":{"line":46,"column":61}},"44":{"start":{"line":49,"column":18},"end":{"line":52,"column":22}},"45":{"start":{"line":52,"column":23},"end":{"line":52,"column":57}},"46":{"start":{"line":55,"column":0},"end":{"line":76,"column":50}},"47":{"start":{"line":76,"column":51},"end":{"line":76,"column":78}}},"fnMap":{},"branchMap":{},"s":{"0":9,"1":9,"2":9,"3":9,"4":9,"5":9,"6":9,"7":9,"8":9,"9":9,"10":9,"11":9,"12":9,"13":9,"14":9,"15":9,"16":9,"17":9,"18":9,"19":9,"20":9,"21":9,"22":9,"23":9,"24":9,"25":9,"26":9,"27":9,"28":9,"29":9,"30":9,"31":9,"32":9,"33":9,"34":9,"35":9,"36":9,"37":9,"38":9,"39":9,"40":9,"41":9,"42":9,"43":9,"44":9,"45":9,"46":9,"47":9},"f":{},"b":{},"inputSourceMap":null,"_coverageSchema":"1a1c01bbd47fc00a2c39e90264f33305004495a9","hash":"dc8d121c61a1e2345444fda149ad195b0513c373"}
,"D:\\Mitrais\\Presales\\Tests\\BTPN-Jenius\\RN-Contact\\Contact\\src\\utils\\generateSections.js": {"path":"D:\\Mitrais\\Presales\\Tests\\BTPN-Jenius\\RN-Contact\\Contact\\src\\utils\\generateSections.js","statementMap":{"0":{"start":{"line":1,"column":42},"end":{"line":1,"column":97}},"1":{"start":{"line":1,"column":98},"end":{"line":1,"column":160}},"2":{"start":{"line":1,"column":160},"end":{"line":1,"column":185}},"3":{"start":{"line":1,"column":201},"end":{"line":1,"column":266}},"4":{"start":{"line":1,"column":279},"end":{"line":1,"column":320}},"5":{"start":{"line":1,"column":333},"end":{"line":1,"column":337}},"6":{"start":{"line":3,"column":23},"end":{"line":20,"column":1}},"7":{"start":{"line":4,"column":23},"end":{"line":15,"column":8}},"8":{"start":{"line":4,"column":63},"end":{"line":4,"column":133}},"9":{"start":{"line":4,"column":145},"end":{"line":4,"column":192}},"10":{"start":{"line":5,"column":23},"end":{"line":5,"column":102}},"11":{"start":{"line":5,"column":62},"end":{"line":5,"column":100}},"12":{"start":{"line":7,"column":4},"end":{"line":9,"column":5}},"13":{"start":{"line":8,"column":6},"end":{"line":8,"column":68}},"14":{"start":{"line":11,"column":4},"end":{"line":11,"column":170}},"15":{"start":{"line":13,"column":4},"end":{"line":13,"column":20}},"16":{"start":{"line":17,"column":23},"end":{"line":17,"column":70}},"17":{"start":{"line":19,"column":2},"end":{"line":19,"column":24}},"18":{"start":{"line":22,"column":0},"end":{"line":22,"column":16}},"19":{"start":{"line":22,"column":17},"end":{"line":22,"column":44}}},"fnMap":{"0":{"name":"generateSections","decl":{"start":{"line":3,"column":32},"end":{"line":3,"column":48}},"loc":{"start":{"line":3,"column":55},"end":{"line":20,"column":1}},"line":3},"1":{"name":"(anonymous_1)","decl":{"start":{"line":4,"column":35},"end":{"line":4,"column":36}},"loc":{"start":{"line":4,"column":47},"end":{"line":15,"column":3}},"line":4},"2":{"name":"(anonymous_2)","decl":{"start":{"line":5,"column":42},"end":{"line":5,"column":43}},"loc":{"start":{"line":5,"column":61},"end":{"line":5,"column":101}},"line":5}},"branchMap":{"0":{"loc":{"start":{"line":4,"column":63},"end":{"line":4,"column":133}},"type":"cond-expr","locations":[{"start":{"line":4,"column":116},"end":{"line":4,"column":128}},{"start":{"line":4,"column":131},"end":{"line":4,"column":133}}],"line":4},"1":{"loc":{"start":{"line":4,"column":63},"end":{"line":4,"column":113}},"type":"binary-expr","locations":[{"start":{"line":4,"column":63},"end":{"line":4,"column":83}},{"start":{"line":4,"column":87},"end":{"line":4,"column":113}}],"line":4},"2":{"loc":{"start":{"line":4,"column":145},"end":{"line":4,"column":192}},"type":"cond-expr","locations":[{"start":{"line":4,"column":168},"end":{"line":4,"column":180}},{"start":{"line":4,"column":183},"end":{"line":4,"column":192}}],"line":4},"3":{"loc":{"start":{"line":7,"column":4},"end":{"line":9,"column":5}},"type":"if","locations":[{"start":{"line":7,"column":4},"end":{"line":9,"column":5}},{"start":{"line":7,"column":4},"end":{"line":9,"column":5}}],"line":7}},"s":{"0":1,"1":1,"2":1,"3":1,"4":1,"5":1,"6":1,"7":0,"8":0,"9":0,"10":0,"11":0,"12":0,"13":0,"14":0,"15":0,"16":0,"17":0,"18":1,"19":1},"f":{"0":0,"1":0,"2":0},"b":{"0":[0,0],"1":[0,0],"2":[0,0],"3":[0,0]},"inputSourceMap":null,"_coverageSchema":"1a1c01bbd47fc00a2c39e90264f33305004495a9","hash":"97f49eff953c42429998689a62ed22d358b75f0f"}
,"D:\\Mitrais\\Presales\\Tests\\BTPN-Jenius\\RN-Contact\\Contact\\src\\utils\\sort.js": {"path":"D:\\Mitrais\\Presales\\Tests\\BTPN-Jenius\\RN-Contact\\Contact\\src\\utils\\sort.js","statementMap":{"0":{"start":{"line":1,"column":13},"end":{"line":1,"column":75}},"1":{"start":{"line":1,"column":75},"end":{"line":1,"column":100}},"2":{"start":{"line":1,"column":118},"end":{"line":13,"column":5}},"3":{"start":{"line":1,"column":147},"end":{"line":13,"column":4}},"4":{"start":{"line":2,"column":16},"end":{"line":2,"column":29}},"5":{"start":{"line":3,"column":16},"end":{"line":3,"column":29}},"6":{"start":{"line":5,"column":4},"end":{"line":11,"column":18}},"7":{"start":{"line":7,"column":8},"end":{"line":7,"column":17}},"8":{"start":{"line":9,"column":8},"end":{"line":9,"column":18}},"9":{"start":{"line":11,"column":8},"end":{"line":11,"column":17}},"10":{"start":{"line":15,"column":0},"end":{"line":15,"column":11}},"11":{"start":{"line":15,"column":12},"end":{"line":15,"column":39}}},"fnMap":{"0":{"name":"sortByField","decl":{"start":{"line":1,"column":127},"end":{"line":1,"column":138}},"loc":{"start":{"line":1,"column":146},"end":{"line":13,"column":5}},"line":1},"1":{"name":"(anonymous_1)","decl":{"start":{"line":1,"column":154},"end":{"line":1,"column":155}},"loc":{"start":{"line":1,"column":180},"end":{"line":13,"column":3}},"line":1}},"branchMap":{"0":{"loc":{"start":{"line":5,"column":4},"end":{"line":11,"column":18}},"type":"switch","locations":[{"start":{"line":6,"column":6},"end":{"line":7,"column":17}},{"start":{"line":8,"column":6},"end":{"line":9,"column":18}},{"start":{"line":10,"column":6},"end":{"line":11,"column":17}}],"line":5}},"s":{"0":1,"1":1,"2":1,"3":0,"4":0,"5":0,"6":0,"7":0,"8":0,"9":0,"10":1,"11":1},"f":{"0":0,"1":0},"b":{"0":[0,0,0]},"inputSourceMap":null,"_coverageSchema":"1a1c01bbd47fc00a2c39e90264f33305004495a9","hash":"a5628eb5036b7f17ecc2207081d54486cb788bce"}
}
