TN:
SF:App.js
FN:27,App
FNF:1
FNH:1
FNDA:1,App
DA:1,1
DA:9,1
DA:10,1
DA:19,1
DA:27,1
DA:28,1
DA:75,1
DA:114,1
LF:8
LH:8
BRDA:36,0,0,1
BRDA:36,0,1,0
BRF:2
BRH:1
end_of_record
TN:
SF:src\Sql\client.js
FN:3,handleSuccessfulRequest
FN:10,handleFailedRequest
FN:14,request
FN:20,asyncRequest
FN:20,asyncRequest$
FNF:5
FNH:4
FNDA:0,handleSuccessfulRequest
FNDA:1,handleFailedRequest
FNDA:1,request
FNDA:1,asyncRequest
FNDA:3,asyncRequest$
DA:1,3
DA:3,3
DA:4,0
DA:5,0
DA:7,0
DA:10,3
DA:11,1
DA:14,3
DA:15,1
DA:17,1
DA:18,3
DA:20,3
DA:31,1
DA:34,1
DA:39,0
DA:41,0
DA:42,0
DA:44,0
DA:45,0
DA:47,1
DA:49,1
DA:53,3
DA:55,3
DA:59,3
LF:24
LH:16
BRDA:3,0,0,0
BRDA:3,0,1,0
BRDA:3,1,0,0
BRDA:3,1,1,0
BRDA:4,2,0,0
BRDA:4,2,1,0
BRDA:14,3,0,1
BRDA:14,3,1,0
BRDA:14,4,0,1
BRDA:14,4,1,1
BRDA:14,5,0,1
BRDA:14,5,1,0
BRDA:14,6,0,1
BRDA:14,6,1,1
BRDA:15,7,0,1
BRDA:15,7,1,0
BRDA:20,8,0,1
BRDA:20,8,1,0
BRDA:20,8,2,0
BRDA:20,8,3,0
BRDA:20,8,4,0
BRDA:20,8,5,1
BRDA:20,8,6,0
BRDA:20,8,7,1
BRDA:31,9,0,0
BRDA:31,9,1,1
BRDA:31,10,0,1
BRDA:31,10,1,0
BRDA:31,11,0,1
BRDA:31,11,1,0
BRDA:31,12,0,0
BRDA:31,12,1,1
BRDA:42,13,0,0
BRDA:42,13,1,0
BRF:34
BRH:14
end_of_record
TN:
SF:src\components\Button.js
FN:6,ownKeys
FN:6,(anonymous_1)
FN:6,_objectSpread
FN:6,(anonymous_3)
FN:6,(anonymous_4)
FN:8,Button
FNF:6
FNH:4
FNDA:13,ownKeys
FNDA:0,(anonymous_1)
FNDA:13,_objectSpread
FNDA:16,(anonymous_3)
FNDA:0,(anonymous_4)
FNDA:1,Button
DA:1,4
DA:2,4
DA:5,4
DA:6,19
DA:8,4
DA:9,1
DA:11,1
DA:28,4
DA:30,4
DA:44,4
DA:52,4
LF:11
LH:11
BRDA:6,0,0,13
BRDA:6,0,1,0
BRDA:6,1,0,13
BRDA:6,1,1,0
BRDA:6,2,0,18
BRDA:6,2,1,1
BRDA:6,3,0,13
BRDA:6,3,1,6
BRDA:6,4,0,6
BRDA:6,4,1,0
BRDA:9,5,0,1
BRDA:9,5,1,0
BRDA:18,6,0,1
BRDA:18,6,1,0
BRDA:18,7,0,0
BRDA:18,7,1,1
BRDA:23,8,0,1
BRDA:23,8,1,1
BRF:18
BRH:12
end_of_record
TN:
SF:src\components\ButtonWithIcon.js
FN:7,ownKeys
FN:7,(anonymous_1)
FN:7,_objectSpread
FN:7,(anonymous_3)
FN:7,(anonymous_4)
FN:9,ButtonWithIcon
FNF:6
FNH:4
FNDA:9,ownKeys
FNDA:0,(anonymous_1)
FNDA:9,_objectSpread
FNDA:11,(anonymous_3)
FNDA:0,(anonymous_4)
FNDA:1,ButtonWithIcon
DA:1,3
DA:2,3
DA:5,3
DA:6,3
DA:7,13
DA:9,3
DA:10,1
DA:11,1
DA:36,3
DA:38,3
DA:55,3
DA:64,3
LF:12
LH:12
BRDA:7,0,0,9
BRDA:7,0,1,0
BRDA:7,1,0,9
BRDA:7,1,1,0
BRDA:7,2,0,12
BRDA:7,2,1,1
BRDA:7,3,0,9
BRDA:7,3,1,4
BRDA:7,4,0,4
BRDA:7,4,1,0
BRDA:10,5,0,1
BRDA:10,5,1,0
BRDA:19,6,0,0
BRDA:19,6,1,1
BRF:14
BRH:9
end_of_record
TN:
SF:src\components\FlashMessage.js
FN:6,FlashMessage
FN:10,(anonymous_1)
FN:14,(anonymous_2)
FN:15,(anonymous_3)
FN:17,(anonymous_4)
FN:22,closeFlashMessage
FNF:6
FNH:1
FNDA:1,FlashMessage
FNDA:0,(anonymous_1)
FNDA:0,(anonymous_2)
FNDA:0,(anonymous_3)
FNDA:0,(anonymous_4)
FNDA:0,closeFlashMessage
DA:1,3
DA:2,3
DA:3,3
DA:4,3
DA:6,3
DA:7,1
DA:8,1
DA:10,1
DA:11,0
DA:14,1
DA:15,0
DA:17,0
DA:18,0
DA:22,1
DA:23,0
DA:24,0
DA:27,1
DA:34,3
DA:47,3
DA:52,3
LF:20
LH:14
BRF:0
BRH:0
end_of_record
TN:
SF:src\screens\contact\AddContactScreen.js
FN:7,_createSuper
FN:7,_createSuperInternal
FN:7,_isNativeReflectConstruct
FN:7,(anonymous_3)
FN:9,(anonymous_4)
FN:10,AddContactScreen
FN:19,(anonymous_6)
FN:22,startLoading
FN:24,handleSuccess
FN:28,handleFail
FN:43,(anonymous_10)
FN:43,render
FNF:12
FNH:8
FNDA:1,_createSuper
FNDA:2,_createSuperInternal
FNDA:1,_isNativeReflectConstruct
FNDA:0,(anonymous_3)
FNDA:1,(anonymous_4)
FNDA:2,AddContactScreen
FNDA:1,(anonymous_6)
FNDA:1,startLoading
FNDA:0,handleSuccess
FNDA:0,handleFail
FNDA:0,(anonymous_10)
FNDA:3,render
DA:1,1
DA:2,1
DA:4,1
DA:5,1
DA:6,1
DA:7,2
DA:9,1
DA:10,2
DA:11,2
DA:20,1
DA:22,1
DA:24,1
DA:25,0
DA:28,1
DA:29,0
DA:33,0
DA:36,1
DA:37,1
DA:40,1
DA:41,2
DA:43,2
DA:46,3
DA:48,3
DA:63,1
DA:66,1
DA:75,1
LF:26
LH:23
BRDA:7,0,0,2
BRDA:7,0,1,0
BRDA:7,1,0,0
BRDA:7,1,1,1
BRDA:7,2,0,1
BRDA:7,2,1,1
BRDA:7,3,0,0
BRDA:7,3,1,1
BRDA:7,4,0,1
BRDA:7,4,1,0
BRDA:50,5,0,3
BRDA:50,5,1,0
BRF:12
BRH:7
end_of_record
TN:
SF:src\screens\contact\ContactDetailForm.js
FN:6,_createSuper
FN:6,_createSuperInternal
FN:6,_isNativeReflectConstruct
FN:6,(anonymous_3)
FN:8,(anonymous_4)
FN:8,ContactDetailForm
FN:30,render
FN:41,(anonymous_7)
FNF:8
FNH:7
FNDA:2,_createSuper
FNDA:1,_createSuperInternal
FNDA:2,_isNativeReflectConstruct
FNDA:0,(anonymous_3)
FNDA:2,(anonymous_4)
FNDA:1,ContactDetailForm
FNDA:1,render
FNDA:4,(anonymous_7)
DA:1,2
DA:2,2
DA:3,2
DA:4,2
DA:5,2
DA:6,2
DA:8,3
DA:30,2
DA:35,1
DA:36,1
DA:38,1
DA:41,4
DA:92,2
DA:95,2
DA:97,2
DA:148,2
DA:153,2
LF:17
LH:17
BRDA:6,0,0,1
BRDA:6,0,1,0
BRDA:6,1,0,0
BRDA:6,1,1,2
BRDA:6,2,0,2
BRDA:6,2,1,2
BRDA:6,3,0,0
BRDA:6,3,1,2
BRDA:6,4,0,2
BRDA:6,4,1,0
BRDA:43,5,0,1
BRDA:43,5,1,3
BRF:12
BRH:8
end_of_record
TN:
SF:src\screens\contact\ContactDetailScreen.js
FN:9,_createSuper
FN:9,_createSuperInternal
FN:9,_isNativeReflectConstruct
FN:9,(anonymous_3)
FN:11,(anonymous_4)
FN:12,ContactDetailScreen
FN:44,(anonymous_6)
FN:44,handleOpenAlert
FN:60,(anonymous_8)
FN:64,(anonymous_9)
FN:68,handleSuccess
FN:69,handleFail
FN:83,(anonymous_12)
FN:83,componentDidMount
FN:83,componentDidUpdate
FN:83,handleOpenAlert
FN:83,render
FN:107,(anonymous_17)
FN:107,headerRight
FNF:19
FNH:11
FNDA:1,_createSuper
FNDA:2,_createSuperInternal
FNDA:1,_isNativeReflectConstruct
FNDA:0,(anonymous_3)
FNDA:1,(anonymous_4)
FNDA:2,ContactDetailScreen
FNDA:2,(anonymous_6)
FNDA:0,handleOpenAlert
FNDA:1,(anonymous_8)
FNDA:1,(anonymous_9)
FNDA:0,handleSuccess
FNDA:0,handleFail
FNDA:0,(anonymous_12)
FNDA:2,componentDidMount
FNDA:3,componentDidUpdate
FNDA:0,handleOpenAlert
FNDA:5,render
FNDA:0,(anonymous_17)
FNDA:0,headerRight
DA:1,1
DA:2,1
DA:4,1
DA:5,1
DA:6,1
DA:7,1
DA:8,1
DA:9,2
DA:11,1
DA:12,2
DA:13,2
DA:44,2
DA:60,1
DA:61,2
DA:65,1
DA:66,1
DA:68,1
DA:69,1
DA:70,0
DA:75,0
DA:78,1
DA:80,1
DA:81,2
DA:83,3
DA:86,5
DA:88,5
DA:107,1
DA:110,1
DA:119,1
LF:29
LH:27
BRDA:9,0,0,2
BRDA:9,0,1,0
BRDA:9,1,0,0
BRDA:9,1,1,1
BRDA:9,2,0,1
BRDA:9,2,1,1
BRDA:9,3,0,0
BRDA:9,3,1,1
BRDA:9,4,0,1
BRDA:9,4,1,0
BRDA:83,5,0,2
BRDA:83,5,1,0
BRDA:83,6,0,0
BRDA:83,6,1,3
BRDA:83,7,0,0
BRDA:83,7,1,0
BRDA:90,8,0,5
BRDA:90,8,1,0
BRDA:96,9,0,5
BRDA:96,9,1,0
BRF:20
BRH:10
end_of_record
TN:
SF:src\screens\contact\ContactListScreen.js
FN:7,_createSuper
FN:7,_createSuperInternal
FN:7,_isNativeReflectConstruct
FN:7,(anonymous_3)
FN:9,(anonymous_4)
FN:10,ContactListScreen
FN:29,(anonymous_6)
FN:33,startLoading
FN:34,endLoading
FN:36,handleSuccess
FN:43,handleFail
FN:51,(anonymous_11)
FN:53,(anonymous_12)
FN:55,(anonymous_13)
FN:57,componentDidMount
FN:57,componentDidMount$
FN:57,(anonymous_16)
FN:57,componentWillUnmount
FN:57,render
FN:74,keyExtractor
FNF:20
FNH:10
FNDA:1,_createSuper
FNDA:4,_createSuperInternal
FNDA:1,_isNativeReflectConstruct
FNDA:0,(anonymous_3)
FNDA:1,(anonymous_4)
FNDA:4,ContactListScreen
FNDA:1,(anonymous_6)
FNDA:1,startLoading
FNDA:0,endLoading
FNDA:0,handleSuccess
FNDA:0,handleFail
FNDA:0,(anonymous_11)
FNDA:0,(anonymous_12)
FNDA:0,(anonymous_13)
FNDA:4,componentDidMount
FNDA:8,componentDidMount$
FNDA:0,(anonymous_16)
FNDA:0,componentWillUnmount
FNDA:7,render
FNDA:0,keyExtractor
DA:1,1
DA:2,1
DA:4,1
DA:5,1
DA:6,1
DA:7,4
DA:9,1
DA:10,4
DA:11,4
DA:30,1
DA:31,1
DA:33,1
DA:34,1
DA:36,1
DA:37,0
DA:38,0
DA:43,1
DA:45,1
DA:46,1
DA:48,1
DA:49,4
DA:51,4
DA:53,4
DA:55,0
DA:57,8
DA:62,7
DA:64,7
DA:74,0
DA:78,1
DA:81,1
DA:88,1
LF:31
LH:27
BRDA:7,0,0,4
BRDA:7,0,1,0
BRDA:7,1,0,0
BRDA:7,1,1,1
BRDA:7,2,0,1
BRDA:7,2,1,1
BRDA:7,3,0,0
BRDA:7,3,1,1
BRDA:7,4,0,1
BRDA:7,4,1,0
BRDA:57,5,0,4
BRDA:57,5,1,0
BRDA:57,5,2,4
BRDA:66,6,0,7
BRDA:66,6,1,2
BRF:15
BRH:10
end_of_record
TN:
SF:src\screens\contact\ContactService.js
FN:4,getContacts
FN:5,extractPayload
FN:10,addContact
FN:15,updateContact
FN:26,deleteContact
FNF:5
FNH:1
FNDA:0,getContacts
FNDA:0,extractPayload
FNDA:0,addContact
FNDA:0,updateContact
FNDA:1,deleteContact
DA:1,3
DA:2,3
DA:5,0
DA:7,0
DA:12,0
DA:16,0
DA:21,0
DA:23,0
DA:27,1
DA:29,1
DA:32,3
DA:36,3
LF:12
LH:6
BRF:0
BRH:0
end_of_record
TN:
SF:src\screens\contact\ModifyContactForm.js
FN:6,ownKeys
FN:6,(anonymous_1)
FN:6,_objectSpread
FN:6,(anonymous_3)
FN:6,(anonymous_4)
FN:6,_createSuper
FN:6,_createSuperInternal
FN:6,_isNativeReflectConstruct
FN:6,(anonymous_8)
FN:8,(anonymous_9)
FN:9,ModifyContactForm
FN:48,(anonymous_11)
FN:48,(anonymous_12)
FN:57,(anonymous_13)
FN:60,componentDidMount
FN:60,render
FN:70,(anonymous_16)
FN:107,onPress
FNF:18
FNH:11
FNDA:0,ownKeys
FNDA:0,(anonymous_1)
FNDA:0,_objectSpread
FNDA:0,(anonymous_3)
FNDA:0,(anonymous_4)
FNDA:2,_createSuper
FNDA:2,_createSuperInternal
FNDA:2,_isNativeReflectConstruct
FNDA:0,(anonymous_8)
FNDA:2,(anonymous_9)
FNDA:2,ModifyContactForm
FNDA:15,(anonymous_11)
FNDA:2,(anonymous_12)
FNDA:2,(anonymous_13)
FNDA:2,componentDidMount
FNDA:5,render
FNDA:20,(anonymous_16)
FNDA:0,onPress
DA:1,2
DA:2,2
DA:3,2
DA:4,2
DA:5,2
DA:6,2
DA:8,2
DA:9,2
DA:10,2
DA:36,2
DA:48,15
DA:49,2
DA:50,1
DA:51,1
DA:54,1
DA:55,2
DA:57,2
DA:60,2
DA:64,5
DA:65,5
DA:66,5
DA:68,5
DA:70,20
DA:107,0
DA:114,2
DA:117,2
DA:153,2
DA:160,2
LF:28
LH:27
BRDA:6,0,0,0
BRDA:6,0,1,0
BRDA:6,1,0,0
BRDA:6,1,1,0
BRDA:6,2,0,0
BRDA:6,2,1,0
BRDA:6,3,0,0
BRDA:6,3,1,0
BRDA:6,4,0,0
BRDA:6,4,1,0
BRDA:6,5,0,2
BRDA:6,5,1,0
BRDA:6,6,0,0
BRDA:6,6,1,2
BRDA:6,7,0,2
BRDA:6,7,1,2
BRDA:6,8,0,0
BRDA:6,8,1,2
BRDA:6,9,0,2
BRDA:6,9,1,0
BRDA:49,10,0,1
BRDA:49,10,1,1
BRDA:60,11,0,0
BRDA:60,11,1,2
BRDA:72,12,0,5
BRDA:72,12,1,15
BRDA:80,13,0,5
BRDA:80,13,1,2
BRF:28
BRH:13
end_of_record
TN:
SF:src\screens\contact\components\ContactListItem.js
FN:7,ContactListItem
FN:11,onPress
FNF:2
FNH:1
FNDA:2,ContactListItem
FNDA:0,onPress
DA:1,2
DA:2,2
DA:3,2
DA:4,2
DA:5,2
DA:7,2
DA:8,2
DA:10,2
DA:11,0
DA:31,2
DA:49,2
DA:55,2
LF:12
LH:11
BRF:0
BRH:0
end_of_record
TN:
SF:src\screens\contact\components\DeleteAlert.js
FN:5,DeleteAlert
FN:8,renderAlert
FNF:2
FNH:0
FNDA:0,DeleteAlert
FNDA:0,renderAlert
DA:1,1
DA:2,1
DA:3,1
DA:5,1
DA:6,0
DA:8,0
DA:23,0
DA:30,1
DA:35,1
LF:9
LH:6
BRF:0
BRH:0
end_of_record
TN:
SF:src\screens\contact\types\Contact.js
FN:1,Contact
FN:18,getInitials
FNF:2
FNH:0
FNDA:0,Contact
FNDA:0,getInitials
DA:1,3
DA:7,0
DA:18,3
DA:19,0
DA:20,0
DA:21,0
DA:24,3
LF:7
LH:3
BRDA:1,0,0,0
BRDA:1,0,1,0
BRDA:1,1,0,0
BRDA:1,1,1,0
BRDA:15,2,0,0
BRDA:15,2,1,0
BRDA:19,3,0,0
BRDA:19,3,1,0
BRDA:19,3,2,0
BRDA:20,4,0,0
BRDA:20,4,1,0
BRDA:20,4,2,0
BRF:12
BRH:0
end_of_record
TN:
SF:src\utils\Styles.js
FNF:0
FNH:0
DA:1,9
DA:2,9
DA:3,9
DA:4,9
DA:6,9
DA:7,9
DA:9,9
DA:10,9
DA:11,9
DA:12,9
DA:14,9
DA:15,9
DA:17,9
DA:18,9
DA:20,9
DA:22,9
DA:24,9
DA:27,9
DA:29,9
DA:32,9
DA:34,9
DA:37,9
DA:38,9
DA:41,9
DA:42,9
DA:45,9
DA:46,9
DA:49,9
DA:52,9
DA:55,9
DA:76,9
LF:31
LH:31
BRF:0
BRH:0
end_of_record
TN:
SF:src\utils\generateSections.js
FN:3,generateSections
FN:4,(anonymous_1)
FN:5,(anonymous_2)
FNF:3
FNH:0
FNDA:0,generateSections
FNDA:0,(anonymous_1)
FNDA:0,(anonymous_2)
DA:1,1
DA:3,1
DA:4,0
DA:5,0
DA:7,0
DA:8,0
DA:11,0
DA:13,0
DA:17,0
DA:19,0
DA:22,1
LF:11
LH:3
BRDA:4,0,0,0
BRDA:4,0,1,0
BRDA:4,1,0,0
BRDA:4,1,1,0
BRDA:4,2,0,0
BRDA:4,2,1,0
BRDA:7,3,0,0
BRDA:7,3,1,0
BRF:8
BRH:0
end_of_record
TN:
SF:src\utils\sort.js
FN:1,sortByField
FN:1,(anonymous_1)
FNF:2
FNH:0
FNDA:0,sortByField
FNDA:0,(anonymous_1)
DA:1,1
DA:2,0
DA:3,0
DA:5,0
DA:7,0
DA:9,0
DA:11,0
DA:15,1
LF:8
LH:2
BRDA:5,0,0,0
BRDA:5,0,1,0
BRDA:5,0,2,0
BRF:3
BRH:0
end_of_record
